Build output check failed:
    Regex: 'argument .* is not valid'
    Output line: 'cc1: warning: ‘-Werror=’ argument ‘-Werror=non-virtual-dtor’ is not valid for C'
Compilation failed:
    source file: '/home/ubuntu/opencv/build_opencv/CMakeFiles/CMakeTmp/src.c'
    check option: ' -fsigned-char -W -Wall -Werror=return-type  -Werror=non-virtual-dtor'
===== BUILD LOG =====
Change Dir: /home/ubuntu/opencv/build_opencv/CMakeFiles/CMakeTmp

Run Build Command(s):/usr/bin/make cmTC_c6ec5/fast && /usr/bin/make -f CMakeFiles/cmTC_c6ec5.dir/build.make CMakeFiles/cmTC_c6ec5.dir/build
make[1]: Entering directory '/home/ubuntu/opencv/build_opencv/CMakeFiles/CMakeTmp'
Building C object CMakeFiles/cmTC_c6ec5.dir/src.c.o
/usr/bin/cc   -O3 -DNDEBUG -fPIE    -fsigned-char -W -Wall -Werror=return-type  -Werror=non-virtual-dtor -o CMakeFiles/cmTC_c6ec5.dir/src.c.o   -c /home/ubuntu/opencv/build_opencv/CMakeFiles/CMakeTmp/src.c
cc1: warning: ‘-Werror=’ argument ‘-Werror=non-virtual-dtor’ is not valid for C
/home/ubuntu/opencv/build_opencv/CMakeFiles/CMakeTmp/src.c:1: warning: ignoring #pragma   [-Wunknown-pragmas]
    1 | #pragma
      | 
Linking C executable cmTC_c6ec5
/usr/bin/cmake -E cmake_link_script CMakeFiles/cmTC_c6ec5.dir/link.txt --verbose=1
/usr/bin/cc   -O3 -DNDEBUG    CMakeFiles/cmTC_c6ec5.dir/src.c.o  -o cmTC_c6ec5 
make[1]: Leaving directory '/home/ubuntu/opencv/build_opencv/CMakeFiles/CMakeTmp'


===== END =====

Build output check failed:
    Regex: 'command[- ]line option .* is valid for .* but not for C\+\+'
    Output line: 'cc1plus: warning: command line option ‘-Wmissing-prototypes’ is valid for C/ObjC but not for C++'
Compilation failed:
    source file: '/home/ubuntu/opencv/build_opencv/CMakeFiles/CMakeTmp/src.cxx'
    check option: ' -fsigned-char -W -Wall -Werror=return-type -Werror=non-virtual-dtor -Werror=address -Werror=sequence-point -Wformat -Werror=format-security -Wmissing-declarations  -Wmissing-prototypes'
===== BUILD LOG =====
Change Dir: /home/ubuntu/opencv/build_opencv/CMakeFiles/CMakeTmp

Run Build Command(s):/usr/bin/make cmTC_c66c5/fast && /usr/bin/make -f CMakeFiles/cmTC_c66c5.dir/build.make CMakeFiles/cmTC_c66c5.dir/build
make[1]: Entering directory '/home/ubuntu/opencv/build_opencv/CMakeFiles/CMakeTmp'
Building CXX object CMakeFiles/cmTC_c66c5.dir/src.cxx.o
/usr/bin/c++    -O3 -DNDEBUG -fPIE    -fsigned-char -W -Wall -Werror=return-type -Werror=non-virtual-dtor -Werror=address -Werror=sequence-point -Wformat -Werror=format-security -Wmissing-declarations  -Wmissing-prototypes -std=c++11 -o CMakeFiles/cmTC_c66c5.dir/src.cxx.o -c /home/ubuntu/opencv/build_opencv/CMakeFiles/CMakeTmp/src.cxx
cc1plus: warning: command line option ‘-Wmissing-prototypes’ is valid for C/ObjC but not for C++
/home/ubuntu/opencv/build_opencv/CMakeFiles/CMakeTmp/src.cxx:1: warning: ignoring #pragma   [-Wunknown-pragmas]
    1 | #pragma
      | 
Linking CXX executable cmTC_c66c5
/usr/bin/cmake -E cmake_link_script CMakeFiles/cmTC_c66c5.dir/link.txt --verbose=1
/usr/bin/c++    -O3 -DNDEBUG    CMakeFiles/cmTC_c66c5.dir/src.cxx.o  -o cmTC_c66c5 
make[1]: Leaving directory '/home/ubuntu/opencv/build_opencv/CMakeFiles/CMakeTmp'


===== END =====

Build output check failed:
    Regex: 'command[- ]line option .* is valid for .* but not for C\+\+'
    Output line: 'cc1plus: warning: command line option ‘-Wstrict-prototypes’ is valid for C/ObjC but not for C++'
Compilation failed:
    source file: '/home/ubuntu/opencv/build_opencv/CMakeFiles/CMakeTmp/src.cxx'
    check option: ' -fsigned-char -W -Wall -Werror=return-type -Werror=non-virtual-dtor -Werror=address -Werror=sequence-point -Wformat -Werror=format-security -Wmissing-declarations  -Wstrict-prototypes'
===== BUILD LOG =====
Change Dir: /home/ubuntu/opencv/build_opencv/CMakeFiles/CMakeTmp

Run Build Command(s):/usr/bin/make cmTC_53056/fast && /usr/bin/make -f CMakeFiles/cmTC_53056.dir/build.make CMakeFiles/cmTC_53056.dir/build
make[1]: Entering directory '/home/ubuntu/opencv/build_opencv/CMakeFiles/CMakeTmp'
Building CXX object CMakeFiles/cmTC_53056.dir/src.cxx.o
/usr/bin/c++    -O3 -DNDEBUG -fPIE    -fsigned-char -W -Wall -Werror=return-type -Werror=non-virtual-dtor -Werror=address -Werror=sequence-point -Wformat -Werror=format-security -Wmissing-declarations  -Wstrict-prototypes -std=c++11 -o CMakeFiles/cmTC_53056.dir/src.cxx.o -c /home/ubuntu/opencv/build_opencv/CMakeFiles/CMakeTmp/src.cxx
cc1plus: warning: command line option ‘-Wstrict-prototypes’ is valid for C/ObjC but not for C++
/home/ubuntu/opencv/build_opencv/CMakeFiles/CMakeTmp/src.cxx:1: warning: ignoring #pragma   [-Wunknown-pragmas]
    1 | #pragma
      | 
Linking CXX executable cmTC_53056
/usr/bin/cmake -E cmake_link_script CMakeFiles/cmTC_53056.dir/link.txt --verbose=1
/usr/bin/c++    -O3 -DNDEBUG    CMakeFiles/cmTC_53056.dir/src.cxx.o  -o cmTC_53056 
make[1]: Leaving directory '/home/ubuntu/opencv/build_opencv/CMakeFiles/CMakeTmp'


===== END =====

Build output check failed:
    Regex: 'command[- ]line option .* is valid for .* but not for C'
    Output line: 'cc1: warning: command line option ‘-Wsign-promo’ is valid for C++/ObjC++ but not for C'
Compilation failed:
    source file: '/home/ubuntu/opencv/build_opencv/CMakeFiles/CMakeTmp/src.c'
    check option: ' -fsigned-char -W -Wall -Werror=return-type -Werror=address -Werror=sequence-point -Wformat -Werror=format-security -Wmissing-declarations -Wmissing-prototypes -Wstrict-prototypes -Wundef -Winit-self -Wpointer-arith -Wshadow  -Wsign-promo'
===== BUILD LOG =====
Change Dir: /home/ubuntu/opencv/build_opencv/CMakeFiles/CMakeTmp

Run Build Command(s):/usr/bin/make cmTC_2d1e1/fast && /usr/bin/make -f CMakeFiles/cmTC_2d1e1.dir/build.make CMakeFiles/cmTC_2d1e1.dir/build
make[1]: Entering directory '/home/ubuntu/opencv/build_opencv/CMakeFiles/CMakeTmp'
Building C object CMakeFiles/cmTC_2d1e1.dir/src.c.o
/usr/bin/cc   -O3 -DNDEBUG -fPIE    -fsigned-char -W -Wall -Werror=return-type -Werror=address -Werror=sequence-point -Wformat -Werror=format-security -Wmissing-declarations -Wmissing-prototypes -Wstrict-prototypes -Wundef -Winit-self -Wpointer-arith -Wshadow  -Wsign-promo -o CMakeFiles/cmTC_2d1e1.dir/src.c.o   -c /home/ubuntu/opencv/build_opencv/CMakeFiles/CMakeTmp/src.c
cc1: warning: command line option ‘-Wsign-promo’ is valid for C++/ObjC++ but not for C
/home/ubuntu/opencv/build_opencv/CMakeFiles/CMakeTmp/src.c:1: warning: ignoring #pragma   [-Wunknown-pragmas]
    1 | #pragma
      | 
Linking C executable cmTC_2d1e1
/usr/bin/cmake -E cmake_link_script CMakeFiles/cmTC_2d1e1.dir/link.txt --verbose=1
/usr/bin/cc   -O3 -DNDEBUG    CMakeFiles/cmTC_2d1e1.dir/src.c.o  -o cmTC_2d1e1 
make[1]: Leaving directory '/home/ubuntu/opencv/build_opencv/CMakeFiles/CMakeTmp'


===== END =====

Build output check failed:
    Regex: 'command[- ]line option .* is valid for .* but not for C'
    Output line: 'cc1: warning: command line option ‘-Wsuggest-override’ is valid for C++/ObjC++ but not for C'
Compilation failed:
    source file: '/home/ubuntu/opencv/build_opencv/CMakeFiles/CMakeTmp/src.c'
    check option: ' -fsigned-char -W -Wall -Werror=return-type -Werror=address -Werror=sequence-point -Wformat -Werror=format-security -Wmissing-declarations -Wmissing-prototypes -Wstrict-prototypes -Wundef -Winit-self -Wpointer-arith -Wshadow -Wuninitialized  -Wsuggest-override'
===== BUILD LOG =====
Change Dir: /home/ubuntu/opencv/build_opencv/CMakeFiles/CMakeTmp

Run Build Command(s):/usr/bin/make cmTC_9470a/fast && /usr/bin/make -f CMakeFiles/cmTC_9470a.dir/build.make CMakeFiles/cmTC_9470a.dir/build
make[1]: Entering directory '/home/ubuntu/opencv/build_opencv/CMakeFiles/CMakeTmp'
Building C object CMakeFiles/cmTC_9470a.dir/src.c.o
/usr/bin/cc   -O3 -DNDEBUG -fPIE    -fsigned-char -W -Wall -Werror=return-type -Werror=address -Werror=sequence-point -Wformat -Werror=format-security -Wmissing-declarations -Wmissing-prototypes -Wstrict-prototypes -Wundef -Winit-self -Wpointer-arith -Wshadow -Wuninitialized  -Wsuggest-override -o CMakeFiles/cmTC_9470a.dir/src.c.o   -c /home/ubuntu/opencv/build_opencv/CMakeFiles/CMakeTmp/src.c
cc1: warning: command line option ‘-Wsuggest-override’ is valid for C++/ObjC++ but not for C
/home/ubuntu/opencv/build_opencv/CMakeFiles/CMakeTmp/src.c:1: warning: ignoring #pragma   [-Wunknown-pragmas]
    1 | #pragma
      | 
Linking C executable cmTC_9470a
/usr/bin/cmake -E cmake_link_script CMakeFiles/cmTC_9470a.dir/link.txt --verbose=1
/usr/bin/cc   -O3 -DNDEBUG    CMakeFiles/cmTC_9470a.dir/src.c.o  -o cmTC_9470a 
make[1]: Leaving directory '/home/ubuntu/opencv/build_opencv/CMakeFiles/CMakeTmp'


===== END =====

Build output check failed:
    Regex: 'command[- ]line option .* is valid for .* but not for C'
    Output line: 'cc1: warning: command line option ‘-Wno-delete-non-virtual-dtor’ is valid for C++/ObjC++ but not for C'
Compilation failed:
    source file: '/home/ubuntu/opencv/build_opencv/CMakeFiles/CMakeTmp/src.c'
    check option: ' -fsigned-char -W -Wall -Werror=return-type -Werror=address -Werror=sequence-point -Wformat -Werror=format-security -Wmissing-declarations -Wmissing-prototypes -Wstrict-prototypes -Wundef -Winit-self -Wpointer-arith -Wshadow -Wuninitialized  -Wno-delete-non-virtual-dtor'
===== BUILD LOG =====
Change Dir: /home/ubuntu/opencv/build_opencv/CMakeFiles/CMakeTmp

Run Build Command(s):/usr/bin/make cmTC_b2a47/fast && /usr/bin/make -f CMakeFiles/cmTC_b2a47.dir/build.make CMakeFiles/cmTC_b2a47.dir/build
make[1]: Entering directory '/home/ubuntu/opencv/build_opencv/CMakeFiles/CMakeTmp'
Building C object CMakeFiles/cmTC_b2a47.dir/src.c.o
/usr/bin/cc   -O3 -DNDEBUG -fPIE    -fsigned-char -W -Wall -Werror=return-type -Werror=address -Werror=sequence-point -Wformat -Werror=format-security -Wmissing-declarations -Wmissing-prototypes -Wstrict-prototypes -Wundef -Winit-self -Wpointer-arith -Wshadow -Wuninitialized  -Wno-delete-non-virtual-dtor -o CMakeFiles/cmTC_b2a47.dir/src.c.o   -c /home/ubuntu/opencv/build_opencv/CMakeFiles/CMakeTmp/src.c
cc1: warning: command line option ‘-Wno-delete-non-virtual-dtor’ is valid for C++/ObjC++ but not for C
/home/ubuntu/opencv/build_opencv/CMakeFiles/CMakeTmp/src.c:1: warning: ignoring #pragma   [-Wunknown-pragmas]
    1 | #pragma
      | 
Linking C executable cmTC_b2a47
/usr/bin/cmake -E cmake_link_script CMakeFiles/cmTC_b2a47.dir/link.txt --verbose=1
/usr/bin/cc   -O3 -DNDEBUG    CMakeFiles/cmTC_b2a47.dir/src.c.o  -o cmTC_b2a47 
make[1]: Leaving directory '/home/ubuntu/opencv/build_opencv/CMakeFiles/CMakeTmp'


===== END =====

Build output check failed:
    Regex: 'unrecognized .*option'
    Output line: 'cc1plus: warning: unrecognized command line option ‘-Wno-unnamed-type-template-args’'
Compilation failed:
    source file: '/home/ubuntu/opencv/build_opencv/CMakeFiles/CMakeTmp/src.cxx'
    check option: ' -fsigned-char -W -Wall -Werror=return-type -Werror=non-virtual-dtor -Werror=address -Werror=sequence-point -Wformat -Werror=format-security -Wmissing-declarations -Wundef -Winit-self -Wpointer-arith -Wshadow -Wsign-promo -Wuninitialized -Wsuggest-override -Wno-delete-non-virtual-dtor  -Wno-unnamed-type-template-args'
===== BUILD LOG =====
Change Dir: /home/ubuntu/opencv/build_opencv/CMakeFiles/CMakeTmp

Run Build Command(s):/usr/bin/make cmTC_3d773/fast && /usr/bin/make -f CMakeFiles/cmTC_3d773.dir/build.make CMakeFiles/cmTC_3d773.dir/build
make[1]: Entering directory '/home/ubuntu/opencv/build_opencv/CMakeFiles/CMakeTmp'
Building CXX object CMakeFiles/cmTC_3d773.dir/src.cxx.o
/usr/bin/c++    -O3 -DNDEBUG -fPIE    -fsigned-char -W -Wall -Werror=return-type -Werror=non-virtual-dtor -Werror=address -Werror=sequence-point -Wformat -Werror=format-security -Wmissing-declarations -Wundef -Winit-self -Wpointer-arith -Wshadow -Wsign-promo -Wuninitialized -Wsuggest-override -Wno-delete-non-virtual-dtor  -Wno-unnamed-type-template-args -std=c++11 -o CMakeFiles/cmTC_3d773.dir/src.cxx.o -c /home/ubuntu/opencv/build_opencv/CMakeFiles/CMakeTmp/src.cxx
/home/ubuntu/opencv/build_opencv/CMakeFiles/CMakeTmp/src.cxx:1: warning: ignoring #pragma   [-Wunknown-pragmas]
    1 | #pragma
      | 
cc1plus: warning: unrecognized command line option ‘-Wno-unnamed-type-template-args’
Linking CXX executable cmTC_3d773
/usr/bin/cmake -E cmake_link_script CMakeFiles/cmTC_3d773.dir/link.txt --verbose=1
/usr/bin/c++    -O3 -DNDEBUG    CMakeFiles/cmTC_3d773.dir/src.cxx.o  -o cmTC_3d773 
make[1]: Leaving directory '/home/ubuntu/opencv/build_opencv/CMakeFiles/CMakeTmp'


===== END =====

Build output check failed:
    Regex: 'unrecognized .*option'
    Output line: 'cc1: warning: unrecognized command line option ‘-Wno-unnamed-type-template-args’'
Compilation failed:
    source file: '/home/ubuntu/opencv/build_opencv/CMakeFiles/CMakeTmp/src.c'
    check option: ' -fsigned-char -W -Wall -Werror=return-type -Werror=address -Werror=sequence-point -Wformat -Werror=format-security -Wmissing-declarations -Wmissing-prototypes -Wstrict-prototypes -Wundef -Winit-self -Wpointer-arith -Wshadow -Wuninitialized  -Wno-unnamed-type-template-args'
===== BUILD LOG =====
Change Dir: /home/ubuntu/opencv/build_opencv/CMakeFiles/CMakeTmp

Run Build Command(s):/usr/bin/make cmTC_4566f/fast && /usr/bin/make -f CMakeFiles/cmTC_4566f.dir/build.make CMakeFiles/cmTC_4566f.dir/build
make[1]: Entering directory '/home/ubuntu/opencv/build_opencv/CMakeFiles/CMakeTmp'
Building C object CMakeFiles/cmTC_4566f.dir/src.c.o
/usr/bin/cc   -O3 -DNDEBUG -fPIE    -fsigned-char -W -Wall -Werror=return-type -Werror=address -Werror=sequence-point -Wformat -Werror=format-security -Wmissing-declarations -Wmissing-prototypes -Wstrict-prototypes -Wundef -Winit-self -Wpointer-arith -Wshadow -Wuninitialized  -Wno-unnamed-type-template-args -o CMakeFiles/cmTC_4566f.dir/src.c.o   -c /home/ubuntu/opencv/build_opencv/CMakeFiles/CMakeTmp/src.c
/home/ubuntu/opencv/build_opencv/CMakeFiles/CMakeTmp/src.c:1: warning: ignoring #pragma   [-Wunknown-pragmas]
    1 | #pragma
      | 
cc1: warning: unrecognized command line option ‘-Wno-unnamed-type-template-args’
Linking C executable cmTC_4566f
/usr/bin/cmake -E cmake_link_script CMakeFiles/cmTC_4566f.dir/link.txt --verbose=1
/usr/bin/cc   -O3 -DNDEBUG    CMakeFiles/cmTC_4566f.dir/src.c.o  -o cmTC_4566f 
make[1]: Leaving directory '/home/ubuntu/opencv/build_opencv/CMakeFiles/CMakeTmp'


===== END =====

Build output check failed:
    Regex: 'command[- ]line option .* is valid for .* but not for C'
    Output line: 'cc1: warning: command line option ‘-fvisibility-inlines-hidden’ is valid for C++/ObjC++ but not for C'
Compilation failed:
    source file: '/home/ubuntu/opencv/build_opencv/CMakeFiles/CMakeTmp/src.c'
    check option: ' -fsigned-char -W -Wall -Werror=return-type -Werror=address -Werror=sequence-point -Wformat -Werror=format-security -Wmissing-declarations -Wmissing-prototypes -Wstrict-prototypes -Wundef -Winit-self -Wpointer-arith -Wshadow -Wuninitialized -Wno-comment -Wimplicit-fallthrough=3 -Wno-strict-overflow -fdiagnostics-show-option -pthread -fomit-frame-pointer -ffunction-sections -fdata-sections    -fvisibility=hidden  -fvisibility-inlines-hidden'
===== BUILD LOG =====
Change Dir: /home/ubuntu/opencv/build_opencv/CMakeFiles/CMakeTmp

Run Build Command(s):/usr/bin/make cmTC_8979e/fast && /usr/bin/make -f CMakeFiles/cmTC_8979e.dir/build.make CMakeFiles/cmTC_8979e.dir/build
make[1]: Entering directory '/home/ubuntu/opencv/build_opencv/CMakeFiles/CMakeTmp'
Building C object CMakeFiles/cmTC_8979e.dir/src.c.o
/usr/bin/cc   -O3 -DNDEBUG -fPIE    -fsigned-char -W -Wall -Werror=return-type -Werror=address -Werror=sequence-point -Wformat -Werror=format-security -Wmissing-declarations -Wmissing-prototypes -Wstrict-prototypes -Wundef -Winit-self -Wpointer-arith -Wshadow -Wuninitialized -Wno-comment -Wimplicit-fallthrough=3 -Wno-strict-overflow -fdiagnostics-show-option -pthread -fomit-frame-pointer -ffunction-sections -fdata-sections    -fvisibility=hidden  -fvisibility-inlines-hidden -o CMakeFiles/cmTC_8979e.dir/src.c.o   -c /home/ubuntu/opencv/build_opencv/CMakeFiles/CMakeTmp/src.c
cc1: warning: command line option ‘-fvisibility-inlines-hidden’ is valid for C++/ObjC++ but not for C
/home/ubuntu/opencv/build_opencv/CMakeFiles/CMakeTmp/src.c:1: warning: ignoring #pragma   [-Wunknown-pragmas]
    1 | #pragma
      | 
Linking C executable cmTC_8979e
/usr/bin/cmake -E cmake_link_script CMakeFiles/cmTC_8979e.dir/link.txt --verbose=1
/usr/bin/cc   -O3 -DNDEBUG    CMakeFiles/cmTC_8979e.dir/src.c.o  -o cmTC_8979e 
make[1]: Leaving directory '/home/ubuntu/opencv/build_opencv/CMakeFiles/CMakeTmp'


===== END =====

Determining size of off64_t failed with the following output:
Change Dir: /home/ubuntu/opencv/build_opencv/CMakeFiles/CMakeTmp

Run Build Command(s):/usr/bin/make cmTC_3ba7a/fast && /usr/bin/make -f CMakeFiles/cmTC_3ba7a.dir/build.make CMakeFiles/cmTC_3ba7a.dir/build
make[1]: Entering directory '/home/ubuntu/opencv/build_opencv/CMakeFiles/CMakeTmp'
Building C object CMakeFiles/cmTC_3ba7a.dir/OFF64_T.c.o
/usr/bin/cc   -fsigned-char -W -Wall -Werror=return-type -Werror=address -Werror=sequence-point -Wformat -Werror=format-security -Wmissing-declarations -Wmissing-prototypes -Wstrict-prototypes -Wundef -Winit-self -Wpointer-arith -Wshadow -Wuninitialized -Wno-comment -Wimplicit-fallthrough=3 -Wno-strict-overflow -fdiagnostics-show-option -pthread -fomit-frame-pointer -ffunction-sections -fdata-sections    -fvisibility=hidden  -O3 -DNDEBUG  -DNDEBUG -fPIE   -o CMakeFiles/cmTC_3ba7a.dir/OFF64_T.c.o   -c /home/ubuntu/opencv/build_opencv/CMakeFiles/CheckTypeSize/OFF64_T.c
/home/ubuntu/opencv/build_opencv/CMakeFiles/CheckTypeSize/OFF64_T.c:23:22: error: ‘off64_t’ undeclared here (not in a function); did you mean ‘off_t’?
   23 | #define SIZE (sizeof(off64_t))
      |                      ^~~~~~~
/home/ubuntu/opencv/build_opencv/CMakeFiles/CheckTypeSize/OFF64_T.c:25:12: note: in expansion of macro ‘SIZE’
   25 |   ('0' + ((SIZE / 10000)%10)),
      |            ^~~~
make[1]: *** [CMakeFiles/cmTC_3ba7a.dir/build.make:66: CMakeFiles/cmTC_3ba7a.dir/OFF64_T.c.o] Error 1
make[1]: Leaving directory '/home/ubuntu/opencv/build_opencv/CMakeFiles/CMakeTmp'
make: *** [Makefile:121: cmTC_3ba7a/fast] Error 2


/home/ubuntu/opencv/build_opencv/CMakeFiles/CheckTypeSize/OFF64_T.c:
#include <sys/types.h>
#include <stdint.h>
#include <stddef.h>


#undef KEY
#if defined(__i386)
# define KEY '_','_','i','3','8','6'
#elif defined(__x86_64)
# define KEY '_','_','x','8','6','_','6','4'
#elif defined(__ppc__)
# define KEY '_','_','p','p','c','_','_'
#elif defined(__ppc64__)
# define KEY '_','_','p','p','c','6','4','_','_'
#elif defined(__aarch64__)
# define KEY '_','_','a','a','r','c','h','6','4','_','_'
#elif defined(__ARM_ARCH_7A__)
# define KEY '_','_','A','R','M','_','A','R','C','H','_','7','A','_','_'
#elif defined(__ARM_ARCH_7S__)
# define KEY '_','_','A','R','M','_','A','R','C','H','_','7','S','_','_'
#endif

#define SIZE (sizeof(off64_t))
static char info_size[] =  {'I', 'N', 'F', 'O', ':', 's','i','z','e','[',
  ('0' + ((SIZE / 10000)%10)),
  ('0' + ((SIZE / 1000)%10)),
  ('0' + ((SIZE / 100)%10)),
  ('0' + ((SIZE / 10)%10)),
  ('0' +  (SIZE    % 10)),
  ']',
#ifdef KEY
  ' ','k','e','y','[', KEY, ']',
#endif
  '\0'};

#ifdef __CLASSIC_C__
int main(argc, argv) int argc; char *argv[];
#else
int main(int argc, char *argv[])
#endif
{
  int require = 0;
  require += info_size[argc];
  (void)argv;
  return require;
}


Build output check failed:
    Regex: 'unrecognized .*option'
    Output line: 'cc1: warning: unrecognized command line option ‘-Wno-shorten-64-to-32’'
Compilation failed:
    source file: '/home/ubuntu/opencv/build_opencv/CMakeFiles/CMakeTmp/src.c'
    check option: ' -Wno-shorten-64-to-32'
===== BUILD LOG =====
Change Dir: /home/ubuntu/opencv/build_opencv/CMakeFiles/CMakeTmp

Run Build Command(s):/usr/bin/make cmTC_a3600/fast && /usr/bin/make -f CMakeFiles/cmTC_a3600.dir/build.make CMakeFiles/cmTC_a3600.dir/build
make[1]: Entering directory '/home/ubuntu/opencv/build_opencv/CMakeFiles/CMakeTmp'
Building C object CMakeFiles/cmTC_a3600.dir/src.c.o
/usr/bin/cc   -fsigned-char -W -Wall -Werror=return-type -Werror=address -Werror=sequence-point -Wformat -Werror=format-security -Wmissing-declarations -Wmissing-prototypes -Wstrict-prototypes -Wundef -Winit-self -Wpointer-arith -Wshadow -Wuninitialized -Wno-comment -Wimplicit-fallthrough=3 -Wno-strict-overflow -fdiagnostics-show-option -pthread -fomit-frame-pointer -ffunction-sections -fdata-sections    -fvisibility=hidden  -O3 -DNDEBUG  -DNDEBUG -fPIE    -Wno-shorten-64-to-32 -o CMakeFiles/cmTC_a3600.dir/src.c.o   -c /home/ubuntu/opencv/build_opencv/CMakeFiles/CMakeTmp/src.c
/home/ubuntu/opencv/build_opencv/CMakeFiles/CMakeTmp/src.c:1: warning: ignoring #pragma   [-Wunknown-pragmas]
    1 | #pragma
      | 
cc1: warning: unrecognized command line option ‘-Wno-shorten-64-to-32’
Linking C executable cmTC_a3600
/usr/bin/cmake -E cmake_link_script CMakeFiles/cmTC_a3600.dir/link.txt --verbose=1
/usr/bin/cc    -fsigned-char -W -Wall -Werror=return-type -Werror=address -Werror=sequence-point -Wformat -Werror=format-security -Wmissing-declarations -Wmissing-prototypes -Wstrict-prototypes -Wundef -Winit-self -Wpointer-arith -Wshadow -Wuninitialized -Wno-comment -Wimplicit-fallthrough=3 -Wno-strict-overflow -fdiagnostics-show-option -pthread -fomit-frame-pointer -ffunction-sections -fdata-sections    -fvisibility=hidden  -O3 -DNDEBUG  -DNDEBUG    -Wl,--gc-sections -Wl,--as-needed  CMakeFiles/cmTC_a3600.dir/src.c.o  -o cmTC_a3600 
make[1]: Leaving directory '/home/ubuntu/opencv/build_opencv/CMakeFiles/CMakeTmp'


===== END =====

Determining if the include file io.h exists failed with the following output:
Change Dir: /home/ubuntu/opencv/build_opencv/CMakeFiles/CMakeTmp

Run Build Command(s):/usr/bin/make cmTC_2b96d/fast && /usr/bin/make -f CMakeFiles/cmTC_2b96d.dir/build.make CMakeFiles/cmTC_2b96d.dir/build
make[1]: Entering directory '/home/ubuntu/opencv/build_opencv/CMakeFiles/CMakeTmp'
Building C object CMakeFiles/cmTC_2b96d.dir/CheckIncludeFile.c.o
/usr/bin/cc   -fsigned-char -W -Wall -Werror=return-type -Werror=address -Werror=sequence-point -Wformat -Werror=format-security -Wmissing-declarations -Wmissing-prototypes -Wstrict-prototypes -Wundef -Winit-self -Wpointer-arith -Wshadow -Wuninitialized -Wno-comment -Wimplicit-fallthrough=3 -Wno-strict-overflow -fdiagnostics-show-option -pthread -fomit-frame-pointer -ffunction-sections -fdata-sections    -fvisibility=hidden  -O3 -DNDEBUG  -DNDEBUG -fPIE   -o CMakeFiles/cmTC_2b96d.dir/CheckIncludeFile.c.o   -c /home/ubuntu/opencv/build_opencv/CMakeFiles/CMakeTmp/CheckIncludeFile.c
/home/ubuntu/opencv/build_opencv/CMakeFiles/CMakeTmp/CheckIncludeFile.c:1:10: fatal error: io.h: No such file or directory
    1 | #include <io.h>
      |          ^~~~~~
compilation terminated.
make[1]: *** [CMakeFiles/cmTC_2b96d.dir/build.make:66: CMakeFiles/cmTC_2b96d.dir/CheckIncludeFile.c.o] Error 1
make[1]: Leaving directory '/home/ubuntu/opencv/build_opencv/CMakeFiles/CMakeTmp'
make: *** [Makefile:121: cmTC_2b96d/fast] Error 2



Determining size of INT8 failed with the following output:
Change Dir: /home/ubuntu/opencv/build_opencv/CMakeFiles/CMakeTmp

Run Build Command(s):/usr/bin/make cmTC_02fec/fast && /usr/bin/make -f CMakeFiles/cmTC_02fec.dir/build.make CMakeFiles/cmTC_02fec.dir/build
make[1]: Entering directory '/home/ubuntu/opencv/build_opencv/CMakeFiles/CMakeTmp'
Building C object CMakeFiles/cmTC_02fec.dir/int8.c.o
/usr/bin/cc   -fsigned-char -W -Wall -Werror=return-type -Werror=address -Werror=sequence-point -Wformat -Werror=format-security -Wmissing-declarations -Wmissing-prototypes -Wstrict-prototypes -Wundef -Winit-self -Wpointer-arith -Wshadow -Wuninitialized -Wno-comment -Wimplicit-fallthrough=3 -Wno-strict-overflow -fdiagnostics-show-option -pthread -fomit-frame-pointer -ffunction-sections -fdata-sections    -fvisibility=hidden  -O3 -DNDEBUG  -DNDEBUG -fPIE   -o CMakeFiles/cmTC_02fec.dir/int8.c.o   -c /home/ubuntu/opencv/build_opencv/CMakeFiles/CheckTypeSize/int8.c
/home/ubuntu/opencv/build_opencv/CMakeFiles/CheckTypeSize/int8.c:23:22: error: ‘INT8’ undeclared here (not in a function); did you mean ‘INT8_C’?
   23 | #define SIZE (sizeof(INT8))
      |                      ^~~~
/home/ubuntu/opencv/build_opencv/CMakeFiles/CheckTypeSize/int8.c:25:12: note: in expansion of macro ‘SIZE’
   25 |   ('0' + ((SIZE / 10000)%10)),
      |            ^~~~
make[1]: *** [CMakeFiles/cmTC_02fec.dir/build.make:66: CMakeFiles/cmTC_02fec.dir/int8.c.o] Error 1
make[1]: Leaving directory '/home/ubuntu/opencv/build_opencv/CMakeFiles/CMakeTmp'
make: *** [Makefile:121: cmTC_02fec/fast] Error 2


/home/ubuntu/opencv/build_opencv/CMakeFiles/CheckTypeSize/int8.c:
#include <sys/types.h>
#include <stdint.h>
#include <stddef.h>


#undef KEY
#if defined(__i386)
# define KEY '_','_','i','3','8','6'
#elif defined(__x86_64)
# define KEY '_','_','x','8','6','_','6','4'
#elif defined(__ppc__)
# define KEY '_','_','p','p','c','_','_'
#elif defined(__ppc64__)
# define KEY '_','_','p','p','c','6','4','_','_'
#elif defined(__aarch64__)
# define KEY '_','_','a','a','r','c','h','6','4','_','_'
#elif defined(__ARM_ARCH_7A__)
# define KEY '_','_','A','R','M','_','A','R','C','H','_','7','A','_','_'
#elif defined(__ARM_ARCH_7S__)
# define KEY '_','_','A','R','M','_','A','R','C','H','_','7','S','_','_'
#endif

#define SIZE (sizeof(INT8))
static char info_size[] =  {'I', 'N', 'F', 'O', ':', 's','i','z','e','[',
  ('0' + ((SIZE / 10000)%10)),
  ('0' + ((SIZE / 1000)%10)),
  ('0' + ((SIZE / 100)%10)),
  ('0' + ((SIZE / 10)%10)),
  ('0' +  (SIZE    % 10)),
  ']',
#ifdef KEY
  ' ','k','e','y','[', KEY, ']',
#endif
  '\0'};

#ifdef __CLASSIC_C__
int main(argc, argv) int argc; char *argv[];
#else
int main(int argc, char *argv[])
#endif
{
  int require = 0;
  require += info_size[argc];
  (void)argv;
  return require;
}


Determining size of INT16 failed with the following output:
Change Dir: /home/ubuntu/opencv/build_opencv/CMakeFiles/CMakeTmp

Run Build Command(s):/usr/bin/make cmTC_4b5a3/fast && /usr/bin/make -f CMakeFiles/cmTC_4b5a3.dir/build.make CMakeFiles/cmTC_4b5a3.dir/build
make[1]: Entering directory '/home/ubuntu/opencv/build_opencv/CMakeFiles/CMakeTmp'
Building C object CMakeFiles/cmTC_4b5a3.dir/int16.c.o
/usr/bin/cc   -fsigned-char -W -Wall -Werror=return-type -Werror=address -Werror=sequence-point -Wformat -Werror=format-security -Wmissing-declarations -Wmissing-prototypes -Wstrict-prototypes -Wundef -Winit-self -Wpointer-arith -Wshadow -Wuninitialized -Wno-comment -Wimplicit-fallthrough=3 -Wno-strict-overflow -fdiagnostics-show-option -pthread -fomit-frame-pointer -ffunction-sections -fdata-sections    -fvisibility=hidden  -O3 -DNDEBUG  -DNDEBUG -fPIE   -o CMakeFiles/cmTC_4b5a3.dir/int16.c.o   -c /home/ubuntu/opencv/build_opencv/CMakeFiles/CheckTypeSize/int16.c
/home/ubuntu/opencv/build_opencv/CMakeFiles/CheckTypeSize/int16.c:23:22: error: ‘INT16’ undeclared here (not in a function); did you mean ‘INT16_C’?
   23 | #define SIZE (sizeof(INT16))
      |                      ^~~~~
/home/ubuntu/opencv/build_opencv/CMakeFiles/CheckTypeSize/int16.c:25:12: note: in expansion of macro ‘SIZE’
   25 |   ('0' + ((SIZE / 10000)%10)),
      |            ^~~~
make[1]: *** [CMakeFiles/cmTC_4b5a3.dir/build.make:66: CMakeFiles/cmTC_4b5a3.dir/int16.c.o] Error 1
make[1]: Leaving directory '/home/ubuntu/opencv/build_opencv/CMakeFiles/CMakeTmp'
make: *** [Makefile:121: cmTC_4b5a3/fast] Error 2


/home/ubuntu/opencv/build_opencv/CMakeFiles/CheckTypeSize/int16.c:
#include <sys/types.h>
#include <stdint.h>
#include <stddef.h>


#undef KEY
#if defined(__i386)
# define KEY '_','_','i','3','8','6'
#elif defined(__x86_64)
# define KEY '_','_','x','8','6','_','6','4'
#elif defined(__ppc__)
# define KEY '_','_','p','p','c','_','_'
#elif defined(__ppc64__)
# define KEY '_','_','p','p','c','6','4','_','_'
#elif defined(__aarch64__)
# define KEY '_','_','a','a','r','c','h','6','4','_','_'
#elif defined(__ARM_ARCH_7A__)
# define KEY '_','_','A','R','M','_','A','R','C','H','_','7','A','_','_'
#elif defined(__ARM_ARCH_7S__)
# define KEY '_','_','A','R','M','_','A','R','C','H','_','7','S','_','_'
#endif

#define SIZE (sizeof(INT16))
static char info_size[] =  {'I', 'N', 'F', 'O', ':', 's','i','z','e','[',
  ('0' + ((SIZE / 10000)%10)),
  ('0' + ((SIZE / 1000)%10)),
  ('0' + ((SIZE / 100)%10)),
  ('0' + ((SIZE / 10)%10)),
  ('0' +  (SIZE    % 10)),
  ']',
#ifdef KEY
  ' ','k','e','y','[', KEY, ']',
#endif
  '\0'};

#ifdef __CLASSIC_C__
int main(argc, argv) int argc; char *argv[];
#else
int main(int argc, char *argv[])
#endif
{
  int require = 0;
  require += info_size[argc];
  (void)argv;
  return require;
}


Determining size of INT32 failed with the following output:
Change Dir: /home/ubuntu/opencv/build_opencv/CMakeFiles/CMakeTmp

Run Build Command(s):/usr/bin/make cmTC_2444b/fast && /usr/bin/make -f CMakeFiles/cmTC_2444b.dir/build.make CMakeFiles/cmTC_2444b.dir/build
make[1]: Entering directory '/home/ubuntu/opencv/build_opencv/CMakeFiles/CMakeTmp'
Building C object CMakeFiles/cmTC_2444b.dir/int32.c.o
/usr/bin/cc   -fsigned-char -W -Wall -Werror=return-type -Werror=address -Werror=sequence-point -Wformat -Werror=format-security -Wmissing-declarations -Wmissing-prototypes -Wstrict-prototypes -Wundef -Winit-self -Wpointer-arith -Wshadow -Wuninitialized -Wno-comment -Wimplicit-fallthrough=3 -Wno-strict-overflow -fdiagnostics-show-option -pthread -fomit-frame-pointer -ffunction-sections -fdata-sections    -fvisibility=hidden  -O3 -DNDEBUG  -DNDEBUG -fPIE   -o CMakeFiles/cmTC_2444b.dir/int32.c.o   -c /home/ubuntu/opencv/build_opencv/CMakeFiles/CheckTypeSize/int32.c
/home/ubuntu/opencv/build_opencv/CMakeFiles/CheckTypeSize/int32.c:23:22: error: ‘INT32’ undeclared here (not in a function); did you mean ‘INT32_C’?
   23 | #define SIZE (sizeof(INT32))
      |                      ^~~~~
/home/ubuntu/opencv/build_opencv/CMakeFiles/CheckTypeSize/int32.c:25:12: note: in expansion of macro ‘SIZE’
   25 |   ('0' + ((SIZE / 10000)%10)),
      |            ^~~~
make[1]: *** [CMakeFiles/cmTC_2444b.dir/build.make:66: CMakeFiles/cmTC_2444b.dir/int32.c.o] Error 1
make[1]: Leaving directory '/home/ubuntu/opencv/build_opencv/CMakeFiles/CMakeTmp'
make: *** [Makefile:121: cmTC_2444b/fast] Error 2


/home/ubuntu/opencv/build_opencv/CMakeFiles/CheckTypeSize/int32.c:
#include <sys/types.h>
#include <stdint.h>
#include <stddef.h>


#undef KEY
#if defined(__i386)
# define KEY '_','_','i','3','8','6'
#elif defined(__x86_64)
# define KEY '_','_','x','8','6','_','6','4'
#elif defined(__ppc__)
# define KEY '_','_','p','p','c','_','_'
#elif defined(__ppc64__)
# define KEY '_','_','p','p','c','6','4','_','_'
#elif defined(__aarch64__)
# define KEY '_','_','a','a','r','c','h','6','4','_','_'
#elif defined(__ARM_ARCH_7A__)
# define KEY '_','_','A','R','M','_','A','R','C','H','_','7','A','_','_'
#elif defined(__ARM_ARCH_7S__)
# define KEY '_','_','A','R','M','_','A','R','C','H','_','7','S','_','_'
#endif

#define SIZE (sizeof(INT32))
static char info_size[] =  {'I', 'N', 'F', 'O', ':', 's','i','z','e','[',
  ('0' + ((SIZE / 10000)%10)),
  ('0' + ((SIZE / 1000)%10)),
  ('0' + ((SIZE / 100)%10)),
  ('0' + ((SIZE / 10)%10)),
  ('0' +  (SIZE    % 10)),
  ']',
#ifdef KEY
  ' ','k','e','y','[', KEY, ']',
#endif
  '\0'};

#ifdef __CLASSIC_C__
int main(argc, argv) int argc; char *argv[];
#else
int main(int argc, char *argv[])
#endif
{
  int require = 0;
  require += info_size[argc];
  (void)argv;
  return require;
}


Determining if the function setmode exists failed with the following output:
Change Dir: /home/ubuntu/opencv/build_opencv/CMakeFiles/CMakeTmp

Run Build Command(s):/usr/bin/make cmTC_43011/fast && /usr/bin/make -f CMakeFiles/cmTC_43011.dir/build.make CMakeFiles/cmTC_43011.dir/build
make[1]: Entering directory '/home/ubuntu/opencv/build_opencv/CMakeFiles/CMakeTmp'
Building C object CMakeFiles/cmTC_43011.dir/CheckFunctionExists.c.o
/usr/bin/cc   -fsigned-char -W -Wall -Werror=return-type -Werror=address -Werror=sequence-point -Wformat -Werror=format-security -Wmissing-declarations -Wmissing-prototypes -Wstrict-prototypes -Wundef -Winit-self -Wpointer-arith -Wshadow -Wuninitialized -Wno-comment -Wimplicit-fallthrough=3 -Wno-strict-overflow -fdiagnostics-show-option -pthread -fomit-frame-pointer -ffunction-sections -fdata-sections    -fvisibility=hidden -DCHECK_FUNCTION_EXISTS=setmode -O3 -DNDEBUG  -DNDEBUG -fPIE   -o CMakeFiles/cmTC_43011.dir/CheckFunctionExists.c.o   -c /usr/share/cmake-3.16/Modules/CheckFunctionExists.c
Linking C executable cmTC_43011
/usr/bin/cmake -E cmake_link_script CMakeFiles/cmTC_43011.dir/link.txt --verbose=1
/usr/bin/cc    -fsigned-char -W -Wall -Werror=return-type -Werror=address -Werror=sequence-point -Wformat -Werror=format-security -Wmissing-declarations -Wmissing-prototypes -Wstrict-prototypes -Wundef -Winit-self -Wpointer-arith -Wshadow -Wuninitialized -Wno-comment -Wimplicit-fallthrough=3 -Wno-strict-overflow -fdiagnostics-show-option -pthread -fomit-frame-pointer -ffunction-sections -fdata-sections    -fvisibility=hidden -DCHECK_FUNCTION_EXISTS=setmode -O3 -DNDEBUG  -DNDEBUG    -Wl,--gc-sections -Wl,--as-needed  CMakeFiles/cmTC_43011.dir/CheckFunctionExists.c.o  -o cmTC_43011 
/usr/bin/ld: CMakeFiles/cmTC_43011.dir/CheckFunctionExists.c.o: in function `main':
CheckFunctionExists.c:(.text.startup.main+0x10): undefined reference to `setmode'
collect2: error: ld returned 1 exit status
make[1]: *** [CMakeFiles/cmTC_43011.dir/build.make:87: cmTC_43011] Error 1
make[1]: Leaving directory '/home/ubuntu/opencv/build_opencv/CMakeFiles/CMakeTmp'
make: *** [Makefile:121: cmTC_43011/fast] Error 2



Build output check failed:
    Regex: 'command[- ]line option .* is valid for .* but not for C\+\+'
    Output line: 'cc1plus: warning: command line option ‘-Wno-missing-prototypes’ is valid for C/ObjC but not for C++'
Compilation failed:
    source file: '/home/ubuntu/opencv/build_opencv/CMakeFiles/CMakeTmp/src.cxx'
    check option: ' -Wno-missing-prototypes'
===== BUILD LOG =====
Change Dir: /home/ubuntu/opencv/build_opencv/CMakeFiles/CMakeTmp

Run Build Command(s):/usr/bin/make cmTC_b0395/fast && /usr/bin/make -f CMakeFiles/cmTC_b0395.dir/build.make CMakeFiles/cmTC_b0395.dir/build
make[1]: Entering directory '/home/ubuntu/opencv/build_opencv/CMakeFiles/CMakeTmp'
Building CXX object CMakeFiles/cmTC_b0395.dir/src.cxx.o
/usr/bin/c++    -fsigned-char -W -Wall -Werror=return-type -Werror=non-virtual-dtor -Werror=address -Werror=sequence-point -Wformat -Werror=format-security -Wundef -Winit-self -Wpointer-arith -Wshadow -Wsign-promo -Wuninitialized -Wsuggest-override -Wno-delete-non-virtual-dtor -Wno-comment -Wimplicit-fallthrough=3 -Wno-strict-overflow -fdiagnostics-show-option -pthread -fomit-frame-pointer -ffunction-sections -fdata-sections    -fvisibility=hidden -fvisibility-inlines-hidden -Wno-missing-declarations -Wno-unused-parameter  -O3 -DNDEBUG  -DNDEBUG -fPIE    -Wno-missing-prototypes -std=c++11 -o CMakeFiles/cmTC_b0395.dir/src.cxx.o -c /home/ubuntu/opencv/build_opencv/CMakeFiles/CMakeTmp/src.cxx
cc1plus: warning: command line option ‘-Wno-missing-prototypes’ is valid for C/ObjC but not for C++
/home/ubuntu/opencv/build_opencv/CMakeFiles/CMakeTmp/src.cxx:1: warning: ignoring #pragma   [-Wunknown-pragmas]
    1 | #pragma
      | 
Linking CXX executable cmTC_b0395
/usr/bin/cmake -E cmake_link_script CMakeFiles/cmTC_b0395.dir/link.txt --verbose=1
/usr/bin/c++     -fsigned-char -W -Wall -Werror=return-type -Werror=non-virtual-dtor -Werror=address -Werror=sequence-point -Wformat -Werror=format-security -Wundef -Winit-self -Wpointer-arith -Wshadow -Wsign-promo -Wuninitialized -Wsuggest-override -Wno-delete-non-virtual-dtor -Wno-comment -Wimplicit-fallthrough=3 -Wno-strict-overflow -fdiagnostics-show-option -pthread -fomit-frame-pointer -ffunction-sections -fdata-sections    -fvisibility=hidden -fvisibility-inlines-hidden -Wno-missing-declarations -Wno-unused-parameter  -O3 -DNDEBUG  -DNDEBUG    -Wl,--gc-sections -Wl,--as-needed  CMakeFiles/cmTC_b0395.dir/src.cxx.o  -o cmTC_b0395 
make[1]: Leaving directory '/home/ubuntu/opencv/build_opencv/CMakeFiles/CMakeTmp'


===== END =====

Build output check failed:
    Regex: 'unrecognized .*option'
    Output line: 'cc1: warning: unrecognized command line option ‘-Wno-implicit-const-int-float-conversion’'
Compilation failed:
    source file: '/home/ubuntu/opencv/build_opencv/CMakeFiles/CMakeTmp/src.c'
    check option: ' -Wno-implicit-const-int-float-conversion'
===== BUILD LOG =====
Change Dir: /home/ubuntu/opencv/build_opencv/CMakeFiles/CMakeTmp

Run Build Command(s):/usr/bin/make cmTC_284f2/fast && /usr/bin/make -f CMakeFiles/cmTC_284f2.dir/build.make CMakeFiles/cmTC_284f2.dir/build
make[1]: Entering directory '/home/ubuntu/opencv/build_opencv/CMakeFiles/CMakeTmp'
Building C object CMakeFiles/cmTC_284f2.dir/src.c.o
/usr/bin/cc   -fsigned-char -W -Wall -Werror=return-type -Werror=address -Werror=sequence-point -Wformat -Werror=format-security -Wmissing-declarations -Wmissing-prototypes -Wstrict-prototypes -Wundef -Winit-self -Wpointer-arith -Wshadow -Wuninitialized -Wno-comment -Wimplicit-fallthrough=3 -Wno-strict-overflow -fdiagnostics-show-option -pthread -fomit-frame-pointer -ffunction-sections -fdata-sections    -fvisibility=hidden  -O3 -DNDEBUG  -DNDEBUG -fPIE    -Wno-implicit-const-int-float-conversion -o CMakeFiles/cmTC_284f2.dir/src.c.o   -c /home/ubuntu/opencv/build_opencv/CMakeFiles/CMakeTmp/src.c
/home/ubuntu/opencv/build_opencv/CMakeFiles/CMakeTmp/src.c:1: warning: ignoring #pragma   [-Wunknown-pragmas]
    1 | #pragma
      | 
cc1: warning: unrecognized command line option ‘-Wno-implicit-const-int-float-conversion’
Linking C executable cmTC_284f2
/usr/bin/cmake -E cmake_link_script CMakeFiles/cmTC_284f2.dir/link.txt --verbose=1
/usr/bin/cc    -fsigned-char -W -Wall -Werror=return-type -Werror=address -Werror=sequence-point -Wformat -Werror=format-security -Wmissing-declarations -Wmissing-prototypes -Wstrict-prototypes -Wundef -Winit-self -Wpointer-arith -Wshadow -Wuninitialized -Wno-comment -Wimplicit-fallthrough=3 -Wno-strict-overflow -fdiagnostics-show-option -pthread -fomit-frame-pointer -ffunction-sections -fdata-sections    -fvisibility=hidden  -O3 -DNDEBUG  -DNDEBUG    -Wl,--gc-sections -Wl,--as-needed  CMakeFiles/cmTC_284f2.dir/src.c.o  -o cmTC_284f2 
make[1]: Leaving directory '/home/ubuntu/opencv/build_opencv/CMakeFiles/CMakeTmp'


===== END =====

Determining if the _aligned_malloc exist failed with the following output:
Change Dir: /home/ubuntu/opencv/build_opencv/CMakeFiles/CMakeTmp

Run Build Command(s):/usr/bin/make cmTC_e6de2/fast && /usr/bin/make -f CMakeFiles/cmTC_e6de2.dir/build.make CMakeFiles/cmTC_e6de2.dir/build
make[1]: Entering directory '/home/ubuntu/opencv/build_opencv/CMakeFiles/CMakeTmp'
Building C object CMakeFiles/cmTC_e6de2.dir/CheckSymbolExists.c.o
/usr/bin/cc   -fsigned-char -W -Wall -Werror=return-type -Werror=address -Werror=sequence-point -Wformat -Werror=format-security -Wmissing-declarations -Wmissing-prototypes -Wstrict-prototypes -Wundef -Winit-self -Wpointer-arith -Wshadow -Wuninitialized -Wno-comment -Wimplicit-fallthrough=3 -Wno-strict-overflow -fdiagnostics-show-option -pthread -fomit-frame-pointer -ffunction-sections -fdata-sections    -fvisibility=hidden  -O3 -DNDEBUG  -DNDEBUG -fPIE   -o CMakeFiles/cmTC_e6de2.dir/CheckSymbolExists.c.o   -c /home/ubuntu/opencv/build_opencv/CMakeFiles/CMakeTmp/CheckSymbolExists.c
/home/ubuntu/opencv/build_opencv/CMakeFiles/CMakeTmp/CheckSymbolExists.c: In function ‘main’:
/home/ubuntu/opencv/build_opencv/CMakeFiles/CMakeTmp/CheckSymbolExists.c:8:19: error: ‘_aligned_malloc’ undeclared (first use in this function)
    8 |   return ((int*)(&_aligned_malloc))[argc];
      |                   ^~~~~~~~~~~~~~~
/home/ubuntu/opencv/build_opencv/CMakeFiles/CMakeTmp/CheckSymbolExists.c:8:19: note: each undeclared identifier is reported only once for each function it appears in
/home/ubuntu/opencv/build_opencv/CMakeFiles/CMakeTmp/CheckSymbolExists.c:4:14: warning: parameter ‘argc’ set but not used [-Wunused-but-set-parameter]
    4 | int main(int argc, char** argv)
      |          ~~~~^~~~
make[1]: *** [CMakeFiles/cmTC_e6de2.dir/build.make:66: CMakeFiles/cmTC_e6de2.dir/CheckSymbolExists.c.o] Error 1
make[1]: Leaving directory '/home/ubuntu/opencv/build_opencv/CMakeFiles/CMakeTmp'
make: *** [Makefile:121: cmTC_e6de2/fast] Error 2


File /home/ubuntu/opencv/build_opencv/CMakeFiles/CMakeTmp/CheckSymbolExists.c:
/* */
#include <malloc.h>

int main(int argc, char** argv)
{
  (void)argv;
#ifndef _aligned_malloc
  return ((int*)(&_aligned_malloc))[argc];
#else
  (void)argc;
  return 0;
#endif
}
Build output check failed:
    Regex: 'unrecognized .*option'
    Output line: 'cc1plus: warning: unrecognized command line option ‘-Wno-inconsistent-missing-override’'
Compilation failed:
    source file: '/home/ubuntu/opencv/build_opencv/CMakeFiles/CMakeTmp/src.cxx'
    check option: ' -Wno-inconsistent-missing-override'
===== BUILD LOG =====
Change Dir: /home/ubuntu/opencv/build_opencv/CMakeFiles/CMakeTmp

Run Build Command(s):/usr/bin/make cmTC_910b5/fast && /usr/bin/make -f CMakeFiles/cmTC_910b5.dir/build.make CMakeFiles/cmTC_910b5.dir/build
make[1]: Entering directory '/home/ubuntu/opencv/build_opencv/CMakeFiles/CMakeTmp'
Building CXX object CMakeFiles/cmTC_910b5.dir/src.cxx.o
/usr/bin/c++    -fsigned-char -W -Wall -Werror=return-type -Werror=non-virtual-dtor -Werror=address -Werror=sequence-point -Wformat -Werror=format-security -Winit-self -Wpointer-arith -Wsign-promo -Wno-delete-non-virtual-dtor -Wno-comment -Wimplicit-fallthrough=3 -Wno-strict-overflow -fdiagnostics-show-option -pthread -fomit-frame-pointer -ffunction-sections -fdata-sections    -fvisibility=hidden -fvisibility-inlines-hidden -Wno-shadow -Wno-unused -Wno-sign-compare -Wno-undef -Wno-missing-declarations -Wno-uninitialized -Wno-switch -Wno-parentheses -Wno-array-bounds -Wno-extra -Wno-deprecated-declarations -Wno-misleading-indentation -Wno-deprecated -Wno-suggest-override  -O3 -DNDEBUG  -DNDEBUG -fPIE    -Wno-inconsistent-missing-override -std=c++11 -o CMakeFiles/cmTC_910b5.dir/src.cxx.o -c /home/ubuntu/opencv/build_opencv/CMakeFiles/CMakeTmp/src.cxx
/home/ubuntu/opencv/build_opencv/CMakeFiles/CMakeTmp/src.cxx:1: warning: ignoring #pragma   [-Wunknown-pragmas]
    1 | #pragma
      | 
cc1plus: warning: unrecognized command line option ‘-Wno-inconsistent-missing-override’
Linking CXX executable cmTC_910b5
/usr/bin/cmake -E cmake_link_script CMakeFiles/cmTC_910b5.dir/link.txt --verbose=1
/usr/bin/c++     -fsigned-char -W -Wall -Werror=return-type -Werror=non-virtual-dtor -Werror=address -Werror=sequence-point -Wformat -Werror=format-security -Winit-self -Wpointer-arith -Wsign-promo -Wno-delete-non-virtual-dtor -Wno-comment -Wimplicit-fallthrough=3 -Wno-strict-overflow -fdiagnostics-show-option -pthread -fomit-frame-pointer -ffunction-sections -fdata-sections    -fvisibility=hidden -fvisibility-inlines-hidden -Wno-shadow -Wno-unused -Wno-sign-compare -Wno-undef -Wno-missing-declarations -Wno-uninitialized -Wno-switch -Wno-parentheses -Wno-array-bounds -Wno-extra -Wno-deprecated-declarations -Wno-misleading-indentation -Wno-deprecated -Wno-suggest-override  -O3 -DNDEBUG  -DNDEBUG    -Wl,--gc-sections -Wl,--as-needed  CMakeFiles/cmTC_910b5.dir/src.cxx.o  -o cmTC_910b5 
make[1]: Leaving directory '/home/ubuntu/opencv/build_opencv/CMakeFiles/CMakeTmp'


===== END =====

Build output check failed:
    Regex: 'unrecognized .*option'
    Output line: 'cc1plus: warning: unrecognized command line option ‘-Wno-implicit-const-int-float-conversion’'
Compilation failed:
    source file: '/home/ubuntu/opencv/build_opencv/CMakeFiles/CMakeTmp/src.cxx'
    check option: ' -Wno-implicit-const-int-float-conversion'
===== BUILD LOG =====
Change Dir: /home/ubuntu/opencv/build_opencv/CMakeFiles/CMakeTmp

Run Build Command(s):/usr/bin/make cmTC_87328/fast && /usr/bin/make -f CMakeFiles/cmTC_87328.dir/build.make CMakeFiles/cmTC_87328.dir/build
make[1]: Entering directory '/home/ubuntu/opencv/build_opencv/CMakeFiles/CMakeTmp'
Building CXX object CMakeFiles/cmTC_87328.dir/src.cxx.o
/usr/bin/c++    -fsigned-char -W -Wall -Werror=return-type -Werror=non-virtual-dtor -Werror=address -Werror=sequence-point -Wformat -Werror=format-security -Winit-self -Wpointer-arith -Wsign-promo -Wno-delete-non-virtual-dtor -Wno-comment -Wno-strict-overflow -fdiagnostics-show-option -pthread -fomit-frame-pointer -ffunction-sections -fdata-sections    -fvisibility=hidden -fvisibility-inlines-hidden -Wno-shadow -Wno-unused -Wno-sign-compare -Wno-undef -Wno-missing-declarations -Wno-uninitialized -Wno-switch -Wno-parentheses -Wno-array-bounds -Wno-extra -Wno-deprecated-declarations -Wno-misleading-indentation -Wno-deprecated -Wno-suggest-override -Wno-implicit-fallthrough -Wno-tautological-compare -Wno-reorder -Wno-unused-result  -O3 -DNDEBUG  -DNDEBUG -fPIE    -Wno-implicit-const-int-float-conversion -std=c++11 -o CMakeFiles/cmTC_87328.dir/src.cxx.o -c /home/ubuntu/opencv/build_opencv/CMakeFiles/CMakeTmp/src.cxx
/home/ubuntu/opencv/build_opencv/CMakeFiles/CMakeTmp/src.cxx:1: warning: ignoring #pragma   [-Wunknown-pragmas]
    1 | #pragma
      | 
cc1plus: warning: unrecognized command line option ‘-Wno-implicit-const-int-float-conversion’
Linking CXX executable cmTC_87328
/usr/bin/cmake -E cmake_link_script CMakeFiles/cmTC_87328.dir/link.txt --verbose=1
/usr/bin/c++     -fsigned-char -W -Wall -Werror=return-type -Werror=non-virtual-dtor -Werror=address -Werror=sequence-point -Wformat -Werror=format-security -Winit-self -Wpointer-arith -Wsign-promo -Wno-delete-non-virtual-dtor -Wno-comment -Wno-strict-overflow -fdiagnostics-show-option -pthread -fomit-frame-pointer -ffunction-sections -fdata-sections    -fvisibility=hidden -fvisibility-inlines-hidden -Wno-shadow -Wno-unused -Wno-sign-compare -Wno-undef -Wno-missing-declarations -Wno-uninitialized -Wno-switch -Wno-parentheses -Wno-array-bounds -Wno-extra -Wno-deprecated-declarations -Wno-misleading-indentation -Wno-deprecated -Wno-suggest-override -Wno-implicit-fallthrough -Wno-tautological-compare -Wno-reorder -Wno-unused-result  -O3 -DNDEBUG  -DNDEBUG    -Wl,--gc-sections -Wl,--as-needed  CMakeFiles/cmTC_87328.dir/src.cxx.o  -o cmTC_87328 
make[1]: Leaving directory '/home/ubuntu/opencv/build_opencv/CMakeFiles/CMakeTmp'


===== END =====

Determining if the function sgemm_ exists failed with the following output:
Change Dir: /home/ubuntu/opencv/build_opencv/CMakeFiles/CMakeTmp

Run Build Command(s):/usr/bin/make cmTC_fbd44/fast && /usr/bin/make -f CMakeFiles/cmTC_fbd44.dir/build.make CMakeFiles/cmTC_fbd44.dir/build
make[1]: Entering directory '/home/ubuntu/opencv/build_opencv/CMakeFiles/CMakeTmp'
Building C object CMakeFiles/cmTC_fbd44.dir/CheckFunctionExists.c.o
/usr/bin/cc   -fsigned-char -W -Wall -Werror=return-type -Werror=address -Werror=sequence-point -Wformat -Werror=format-security -Wmissing-declarations -Wmissing-prototypes -Wstrict-prototypes -Wundef -Winit-self -Wpointer-arith -Wshadow -Wuninitialized -Wno-comment -Wimplicit-fallthrough=3 -Wno-strict-overflow -fdiagnostics-show-option -pthread -fomit-frame-pointer -ffunction-sections -fdata-sections    -fvisibility=hidden -DCHECK_FUNCTION_EXISTS=sgemm_ -O3 -DNDEBUG  -DNDEBUG -fPIE   -o CMakeFiles/cmTC_fbd44.dir/CheckFunctionExists.c.o   -c /usr/share/cmake-3.16/Modules/CheckFunctionExists.c
Linking C executable cmTC_fbd44
/usr/bin/cmake -E cmake_link_script CMakeFiles/cmTC_fbd44.dir/link.txt --verbose=1
/usr/bin/cc    -fsigned-char -W -Wall -Werror=return-type -Werror=address -Werror=sequence-point -Wformat -Werror=format-security -Wmissing-declarations -Wmissing-prototypes -Wstrict-prototypes -Wundef -Winit-self -Wpointer-arith -Wshadow -Wuninitialized -Wno-comment -Wimplicit-fallthrough=3 -Wno-strict-overflow -fdiagnostics-show-option -pthread -fomit-frame-pointer -ffunction-sections -fdata-sections    -fvisibility=hidden -DCHECK_FUNCTION_EXISTS=sgemm_ -O3 -DNDEBUG  -DNDEBUG    -Wl,--gc-sections -Wl,--as-needed  CMakeFiles/cmTC_fbd44.dir/CheckFunctionExists.c.o  -o cmTC_fbd44 
/usr/bin/ld: CMakeFiles/cmTC_fbd44.dir/CheckFunctionExists.c.o: in function `main':
CheckFunctionExists.c:(.text.startup.main+0x10): undefined reference to `sgemm_'
collect2: error: ld returned 1 exit status
make[1]: *** [CMakeFiles/cmTC_fbd44.dir/build.make:87: cmTC_fbd44] Error 1
make[1]: Leaving directory '/home/ubuntu/opencv/build_opencv/CMakeFiles/CMakeTmp'
make: *** [Makefile:121: cmTC_fbd44/fast] Error 2



Build output check failed:
    Regex: 'unrecognized .*option'
    Output line: 'cc1plus: warning: unrecognized command line option ‘-Wno-tautological-undefined-compare’'
Compilation failed:
    source file: '/home/ubuntu/opencv/build_opencv/CMakeFiles/CMakeTmp/src.cxx'
    check option: ' -Wno-tautological-undefined-compare'
===== BUILD LOG =====
Change Dir: /home/ubuntu/opencv/build_opencv/CMakeFiles/CMakeTmp

Run Build Command(s):/usr/bin/make cmTC_01ab5/fast && /usr/bin/make -f CMakeFiles/cmTC_01ab5.dir/build.make CMakeFiles/cmTC_01ab5.dir/build
make[1]: Entering directory '/home/ubuntu/opencv/build_opencv/CMakeFiles/CMakeTmp'
Building CXX object CMakeFiles/cmTC_01ab5.dir/src.cxx.o
/usr/bin/c++    -fsigned-char -W -Wall -Werror=return-type -Werror=non-virtual-dtor -Werror=address -Werror=sequence-point -Wformat -Werror=format-security -Winit-self -Wpointer-arith -Wuninitialized -Wsuggest-override -Wno-delete-non-virtual-dtor -Wno-comment -Wimplicit-fallthrough=3 -Wno-strict-overflow -fdiagnostics-show-option -pthread -fomit-frame-pointer -ffunction-sections -fdata-sections    -fvisibility=hidden -fvisibility-inlines-hidden -Wno-deprecated -Wno-missing-declarations -Wno-shadow -Wno-unused-parameter -Wno-unused-local-typedefs -Wno-sign-compare -Wno-sign-promo -Wno-undef  -O3 -DNDEBUG  -DNDEBUG -fPIE    -Wno-tautological-undefined-compare -std=c++11 -o CMakeFiles/cmTC_01ab5.dir/src.cxx.o -c /home/ubuntu/opencv/build_opencv/CMakeFiles/CMakeTmp/src.cxx
/home/ubuntu/opencv/build_opencv/CMakeFiles/CMakeTmp/src.cxx:1: warning: ignoring #pragma   [-Wunknown-pragmas]
    1 | #pragma
      | 
cc1plus: warning: unrecognized command line option ‘-Wno-tautological-undefined-compare’
Linking CXX executable cmTC_01ab5
/usr/bin/cmake -E cmake_link_script CMakeFiles/cmTC_01ab5.dir/link.txt --verbose=1
/usr/bin/c++     -fsigned-char -W -Wall -Werror=return-type -Werror=non-virtual-dtor -Werror=address -Werror=sequence-point -Wformat -Werror=format-security -Winit-self -Wpointer-arith -Wuninitialized -Wsuggest-override -Wno-delete-non-virtual-dtor -Wno-comment -Wimplicit-fallthrough=3 -Wno-strict-overflow -fdiagnostics-show-option -pthread -fomit-frame-pointer -ffunction-sections -fdata-sections    -fvisibility=hidden -fvisibility-inlines-hidden -Wno-deprecated -Wno-missing-declarations -Wno-shadow -Wno-unused-parameter -Wno-unused-local-typedefs -Wno-sign-compare -Wno-sign-promo -Wno-undef  -O3 -DNDEBUG  -DNDEBUG    -Wl,--gc-sections -Wl,--as-needed  CMakeFiles/cmTC_01ab5.dir/src.cxx.o  -o cmTC_01ab5 
make[1]: Leaving directory '/home/ubuntu/opencv/build_opencv/CMakeFiles/CMakeTmp'


===== END =====

Build output check failed:
    Regex: 'unrecognized .*option'
    Output line: 'cc1plus: warning: unrecognized command line option ‘-Wno-shorten-64-to-32’'
Compilation failed:
    source file: '/home/ubuntu/opencv/build_opencv/CMakeFiles/CMakeTmp/src.cxx'
    check option: ' -Wno-shorten-64-to-32'
===== BUILD LOG =====
Change Dir: /home/ubuntu/opencv/build_opencv/CMakeFiles/CMakeTmp

Run Build Command(s):/usr/bin/make cmTC_1c85e/fast && /usr/bin/make -f CMakeFiles/cmTC_1c85e.dir/build.make CMakeFiles/cmTC_1c85e.dir/build
make[1]: Entering directory '/home/ubuntu/opencv/build_opencv/CMakeFiles/CMakeTmp'
Building CXX object CMakeFiles/cmTC_1c85e.dir/src.cxx.o
/usr/bin/c++    -fsigned-char -W -Wall -Werror=return-type -Werror=non-virtual-dtor -Werror=address -Werror=sequence-point -Wformat -Werror=format-security -Winit-self -Wpointer-arith -Wuninitialized -Wsuggest-override -Wno-delete-non-virtual-dtor -Wno-comment -Wimplicit-fallthrough=3 -Wno-strict-overflow -fdiagnostics-show-option -pthread -fomit-frame-pointer -ffunction-sections -fdata-sections    -fvisibility=hidden -fvisibility-inlines-hidden -Wno-deprecated -Wno-missing-declarations -Wno-shadow -Wno-unused-parameter -Wno-unused-local-typedefs -Wno-sign-compare -Wno-sign-promo -Wno-undef -Wno-ignored-qualifiers -Wno-extra -Wno-unused-function -Wno-unused-const-variable  -O3 -DNDEBUG  -DNDEBUG -fPIE    -Wno-shorten-64-to-32 -std=c++11 -o CMakeFiles/cmTC_1c85e.dir/src.cxx.o -c /home/ubuntu/opencv/build_opencv/CMakeFiles/CMakeTmp/src.cxx
/home/ubuntu/opencv/build_opencv/CMakeFiles/CMakeTmp/src.cxx:1: warning: ignoring #pragma   [-Wunknown-pragmas]
    1 | #pragma
      | 
cc1plus: warning: unrecognized command line option ‘-Wno-shorten-64-to-32’
Linking CXX executable cmTC_1c85e
/usr/bin/cmake -E cmake_link_script CMakeFiles/cmTC_1c85e.dir/link.txt --verbose=1
/usr/bin/c++     -fsigned-char -W -Wall -Werror=return-type -Werror=non-virtual-dtor -Werror=address -Werror=sequence-point -Wformat -Werror=format-security -Winit-self -Wpointer-arith -Wuninitialized -Wsuggest-override -Wno-delete-non-virtual-dtor -Wno-comment -Wimplicit-fallthrough=3 -Wno-strict-overflow -fdiagnostics-show-option -pthread -fomit-frame-pointer -ffunction-sections -fdata-sections    -fvisibility=hidden -fvisibility-inlines-hidden -Wno-deprecated -Wno-missing-declarations -Wno-shadow -Wno-unused-parameter -Wno-unused-local-typedefs -Wno-sign-compare -Wno-sign-promo -Wno-undef -Wno-ignored-qualifiers -Wno-extra -Wno-unused-function -Wno-unused-const-variable  -O3 -DNDEBUG  -DNDEBUG    -Wl,--gc-sections -Wl,--as-needed  CMakeFiles/cmTC_1c85e.dir/src.cxx.o  -o cmTC_1c85e 
make[1]: Leaving directory '/home/ubuntu/opencv/build_opencv/CMakeFiles/CMakeTmp'


===== END =====

Build output check failed:
    Regex: 'unrecognized .*option'
    Output line: 'cc1plus: warning: unrecognized command line option ‘-Wno-enum-compare-switch’'
Compilation failed:
    source file: '/home/ubuntu/opencv/build_opencv/CMakeFiles/CMakeTmp/src.cxx'
    check option: ' -Wno-enum-compare-switch'
===== BUILD LOG =====
Change Dir: /home/ubuntu/opencv/build_opencv/CMakeFiles/CMakeTmp

Run Build Command(s):/usr/bin/make cmTC_90d68/fast && /usr/bin/make -f CMakeFiles/cmTC_90d68.dir/build.make CMakeFiles/cmTC_90d68.dir/build
make[1]: Entering directory '/home/ubuntu/opencv/build_opencv/CMakeFiles/CMakeTmp'
Building CXX object CMakeFiles/cmTC_90d68.dir/src.cxx.o
/usr/bin/c++    -fsigned-char -W -Wall -Werror=return-type -Werror=non-virtual-dtor -Werror=address -Werror=sequence-point -Wformat -Werror=format-security -Winit-self -Wpointer-arith -Wuninitialized -Wsuggest-override -Wno-delete-non-virtual-dtor -Wno-comment -Wimplicit-fallthrough=3 -Wno-strict-overflow -fdiagnostics-show-option -pthread -fomit-frame-pointer -ffunction-sections -fdata-sections    -fvisibility=hidden -fvisibility-inlines-hidden -Wno-deprecated -Wno-missing-declarations -Wno-shadow -Wno-unused-parameter -Wno-unused-local-typedefs -Wno-sign-compare -Wno-sign-promo -Wno-undef -Wno-ignored-qualifiers -Wno-extra -Wno-unused-function -Wno-unused-const-variable -Wno-invalid-offsetof  -O3 -DNDEBUG  -DNDEBUG -fPIE    -Wno-enum-compare-switch -std=c++11 -o CMakeFiles/cmTC_90d68.dir/src.cxx.o -c /home/ubuntu/opencv/build_opencv/CMakeFiles/CMakeTmp/src.cxx
/home/ubuntu/opencv/build_opencv/CMakeFiles/CMakeTmp/src.cxx:1: warning: ignoring #pragma   [-Wunknown-pragmas]
    1 | #pragma
      | 
cc1plus: warning: unrecognized command line option ‘-Wno-enum-compare-switch’
Linking CXX executable cmTC_90d68
/usr/bin/cmake -E cmake_link_script CMakeFiles/cmTC_90d68.dir/link.txt --verbose=1
/usr/bin/c++     -fsigned-char -W -Wall -Werror=return-type -Werror=non-virtual-dtor -Werror=address -Werror=sequence-point -Wformat -Werror=format-security -Winit-self -Wpointer-arith -Wuninitialized -Wsuggest-override -Wno-delete-non-virtual-dtor -Wno-comment -Wimplicit-fallthrough=3 -Wno-strict-overflow -fdiagnostics-show-option -pthread -fomit-frame-pointer -ffunction-sections -fdata-sections    -fvisibility=hidden -fvisibility-inlines-hidden -Wno-deprecated -Wno-missing-declarations -Wno-shadow -Wno-unused-parameter -Wno-unused-local-typedefs -Wno-sign-compare -Wno-sign-promo -Wno-undef -Wno-ignored-qualifiers -Wno-extra -Wno-unused-function -Wno-unused-const-variable -Wno-invalid-offsetof  -O3 -DNDEBUG  -DNDEBUG    -Wl,--gc-sections -Wl,--as-needed  CMakeFiles/cmTC_90d68.dir/src.cxx.o  -o cmTC_90d68 
make[1]: Leaving directory '/home/ubuntu/opencv/build_opencv/CMakeFiles/CMakeTmp'


===== END =====

Determining if the include file sys/videoio.h exists failed with the following output:
Change Dir: /home/ubuntu/opencv/build_opencv/CMakeFiles/CMakeTmp

Run Build Command(s):/usr/bin/make cmTC_2fc94/fast && /usr/bin/make -f CMakeFiles/cmTC_2fc94.dir/build.make CMakeFiles/cmTC_2fc94.dir/build
make[1]: Entering directory '/home/ubuntu/opencv/build_opencv/CMakeFiles/CMakeTmp'
Building C object CMakeFiles/cmTC_2fc94.dir/CheckIncludeFile.c.o
/usr/bin/cc   -fsigned-char -W -Wall -Werror=return-type -Werror=address -Werror=sequence-point -Wformat -Werror=format-security -Wmissing-declarations -Wmissing-prototypes -Wstrict-prototypes -Wundef -Winit-self -Wpointer-arith -Wshadow -Wuninitialized -Wno-comment -Wimplicit-fallthrough=3 -Wno-strict-overflow -fdiagnostics-show-option -pthread -fomit-frame-pointer -ffunction-sections -fdata-sections    -fvisibility=hidden  -O3 -DNDEBUG  -DNDEBUG -fPIE   -o CMakeFiles/cmTC_2fc94.dir/CheckIncludeFile.c.o   -c /home/ubuntu/opencv/build_opencv/CMakeFiles/CMakeTmp/CheckIncludeFile.c
/home/ubuntu/opencv/build_opencv/CMakeFiles/CMakeTmp/CheckIncludeFile.c:1:10: fatal error: sys/videoio.h: No such file or directory
    1 | #include <sys/videoio.h>
      |          ^~~~~~~~~~~~~~~
compilation terminated.
make[1]: *** [CMakeFiles/cmTC_2fc94.dir/build.make:66: CMakeFiles/cmTC_2fc94.dir/CheckIncludeFile.c.o] Error 1
make[1]: Leaving directory '/home/ubuntu/opencv/build_opencv/CMakeFiles/CMakeTmp'
make: *** [Makefile:121: cmTC_2fc94/fast] Error 2



Determining if the CL_VERSION_2_2 exist failed with the following output:
Change Dir: /home/ubuntu/opencv/build_opencv/CMakeFiles/CMakeTmp

Run Build Command(s):/usr/bin/make cmTC_c9acc/fast && /usr/bin/make -f CMakeFiles/cmTC_c9acc.dir/build.make CMakeFiles/cmTC_c9acc.dir/build
make[1]: Entering directory '/home/ubuntu/opencv/build_opencv/CMakeFiles/CMakeTmp'
Building C object CMakeFiles/cmTC_c9acc.dir/CheckSymbolExists.c.o
/usr/bin/cc   -fsigned-char -W -Wall -Werror=return-type -Werror=address -Werror=sequence-point -Wformat -Werror=format-security -Wmissing-declarations -Wmissing-prototypes -Wstrict-prototypes -Wundef -Winit-self -Wpointer-arith -Wshadow -Wuninitialized -Wno-comment -Wimplicit-fallthrough=3 -Wno-strict-overflow -fdiagnostics-show-option -pthread -fomit-frame-pointer -ffunction-sections -fdata-sections    -fvisibility=hidden  -O3 -DNDEBUG  -DNDEBUG -fPIE   -o CMakeFiles/cmTC_c9acc.dir/CheckSymbolExists.c.o   -c /home/ubuntu/opencv/build_opencv/CMakeFiles/CMakeTmp/CheckSymbolExists.c
/home/ubuntu/opencv/build_opencv/CMakeFiles/CMakeTmp/CheckSymbolExists.c:2:10: fatal error: OpenCL_INCLUDE_DIR-NOTFOUND/CL/cl.h: No such file or directory
    2 | #include <OpenCL_INCLUDE_DIR-NOTFOUND/CL/cl.h>
      |          ^~~~~~~~~~~~~~~~~~~~~~~~~~~~~~~~~~~~~
compilation terminated.
make[1]: *** [CMakeFiles/cmTC_c9acc.dir/build.make:66: CMakeFiles/cmTC_c9acc.dir/CheckSymbolExists.c.o] Error 1
make[1]: Leaving directory '/home/ubuntu/opencv/build_opencv/CMakeFiles/CMakeTmp'
make: *** [Makefile:121: cmTC_c9acc/fast] Error 2


File /home/ubuntu/opencv/build_opencv/CMakeFiles/CMakeTmp/CheckSymbolExists.c:
/* */
#include <OpenCL_INCLUDE_DIR-NOTFOUND/CL/cl.h>

int main(int argc, char** argv)
{
  (void)argv;
#ifndef CL_VERSION_2_2
  return ((int*)(&CL_VERSION_2_2))[argc];
#else
  (void)argc;
  return 0;
#endif
}
Determining if the CL_VERSION_2_1 exist failed with the following output:
Change Dir: /home/ubuntu/opencv/build_opencv/CMakeFiles/CMakeTmp

Run Build Command(s):/usr/bin/make cmTC_d23c9/fast && /usr/bin/make -f CMakeFiles/cmTC_d23c9.dir/build.make CMakeFiles/cmTC_d23c9.dir/build
make[1]: Entering directory '/home/ubuntu/opencv/build_opencv/CMakeFiles/CMakeTmp'
Building C object CMakeFiles/cmTC_d23c9.dir/CheckSymbolExists.c.o
/usr/bin/cc   -fsigned-char -W -Wall -Werror=return-type -Werror=address -Werror=sequence-point -Wformat -Werror=format-security -Wmissing-declarations -Wmissing-prototypes -Wstrict-prototypes -Wundef -Winit-self -Wpointer-arith -Wshadow -Wuninitialized -Wno-comment -Wimplicit-fallthrough=3 -Wno-strict-overflow -fdiagnostics-show-option -pthread -fomit-frame-pointer -ffunction-sections -fdata-sections    -fvisibility=hidden  -O3 -DNDEBUG  -DNDEBUG -fPIE   -o CMakeFiles/cmTC_d23c9.dir/CheckSymbolExists.c.o   -c /home/ubuntu/opencv/build_opencv/CMakeFiles/CMakeTmp/CheckSymbolExists.c
/home/ubuntu/opencv/build_opencv/CMakeFiles/CMakeTmp/CheckSymbolExists.c:2:10: fatal error: OpenCL_INCLUDE_DIR-NOTFOUND/CL/cl.h: No such file or directory
    2 | #include <OpenCL_INCLUDE_DIR-NOTFOUND/CL/cl.h>
      |          ^~~~~~~~~~~~~~~~~~~~~~~~~~~~~~~~~~~~~
compilation terminated.
make[1]: *** [CMakeFiles/cmTC_d23c9.dir/build.make:66: CMakeFiles/cmTC_d23c9.dir/CheckSymbolExists.c.o] Error 1
make[1]: Leaving directory '/home/ubuntu/opencv/build_opencv/CMakeFiles/CMakeTmp'
make: *** [Makefile:121: cmTC_d23c9/fast] Error 2


File /home/ubuntu/opencv/build_opencv/CMakeFiles/CMakeTmp/CheckSymbolExists.c:
/* */
#include <OpenCL_INCLUDE_DIR-NOTFOUND/CL/cl.h>

int main(int argc, char** argv)
{
  (void)argv;
#ifndef CL_VERSION_2_1
  return ((int*)(&CL_VERSION_2_1))[argc];
#else
  (void)argc;
  return 0;
#endif
}
Determining if the CL_VERSION_2_0 exist failed with the following output:
Change Dir: /home/ubuntu/opencv/build_opencv/CMakeFiles/CMakeTmp

Run Build Command(s):/usr/bin/make cmTC_4da52/fast && /usr/bin/make -f CMakeFiles/cmTC_4da52.dir/build.make CMakeFiles/cmTC_4da52.dir/build
make[1]: Entering directory '/home/ubuntu/opencv/build_opencv/CMakeFiles/CMakeTmp'
Building C object CMakeFiles/cmTC_4da52.dir/CheckSymbolExists.c.o
/usr/bin/cc   -fsigned-char -W -Wall -Werror=return-type -Werror=address -Werror=sequence-point -Wformat -Werror=format-security -Wmissing-declarations -Wmissing-prototypes -Wstrict-prototypes -Wundef -Winit-self -Wpointer-arith -Wshadow -Wuninitialized -Wno-comment -Wimplicit-fallthrough=3 -Wno-strict-overflow -fdiagnostics-show-option -pthread -fomit-frame-pointer -ffunction-sections -fdata-sections    -fvisibility=hidden  -O3 -DNDEBUG  -DNDEBUG -fPIE   -o CMakeFiles/cmTC_4da52.dir/CheckSymbolExists.c.o   -c /home/ubuntu/opencv/build_opencv/CMakeFiles/CMakeTmp/CheckSymbolExists.c
/home/ubuntu/opencv/build_opencv/CMakeFiles/CMakeTmp/CheckSymbolExists.c:2:10: fatal error: OpenCL_INCLUDE_DIR-NOTFOUND/CL/cl.h: No such file or directory
    2 | #include <OpenCL_INCLUDE_DIR-NOTFOUND/CL/cl.h>
      |          ^~~~~~~~~~~~~~~~~~~~~~~~~~~~~~~~~~~~~
compilation terminated.
make[1]: *** [CMakeFiles/cmTC_4da52.dir/build.make:66: CMakeFiles/cmTC_4da52.dir/CheckSymbolExists.c.o] Error 1
make[1]: Leaving directory '/home/ubuntu/opencv/build_opencv/CMakeFiles/CMakeTmp'
make: *** [Makefile:121: cmTC_4da52/fast] Error 2


File /home/ubuntu/opencv/build_opencv/CMakeFiles/CMakeTmp/CheckSymbolExists.c:
/* */
#include <OpenCL_INCLUDE_DIR-NOTFOUND/CL/cl.h>

int main(int argc, char** argv)
{
  (void)argv;
#ifndef CL_VERSION_2_0
  return ((int*)(&CL_VERSION_2_0))[argc];
#else
  (void)argc;
  return 0;
#endif
}
Determining if the CL_VERSION_1_2 exist failed with the following output:
Change Dir: /home/ubuntu/opencv/build_opencv/CMakeFiles/CMakeTmp

Run Build Command(s):/usr/bin/make cmTC_ef7a7/fast && /usr/bin/make -f CMakeFiles/cmTC_ef7a7.dir/build.make CMakeFiles/cmTC_ef7a7.dir/build
make[1]: Entering directory '/home/ubuntu/opencv/build_opencv/CMakeFiles/CMakeTmp'
Building C object CMakeFiles/cmTC_ef7a7.dir/CheckSymbolExists.c.o
/usr/bin/cc   -fsigned-char -W -Wall -Werror=return-type -Werror=address -Werror=sequence-point -Wformat -Werror=format-security -Wmissing-declarations -Wmissing-prototypes -Wstrict-prototypes -Wundef -Winit-self -Wpointer-arith -Wshadow -Wuninitialized -Wno-comment -Wimplicit-fallthrough=3 -Wno-strict-overflow -fdiagnostics-show-option -pthread -fomit-frame-pointer -ffunction-sections -fdata-sections    -fvisibility=hidden  -O3 -DNDEBUG  -DNDEBUG -fPIE   -o CMakeFiles/cmTC_ef7a7.dir/CheckSymbolExists.c.o   -c /home/ubuntu/opencv/build_opencv/CMakeFiles/CMakeTmp/CheckSymbolExists.c
/home/ubuntu/opencv/build_opencv/CMakeFiles/CMakeTmp/CheckSymbolExists.c:2:10: fatal error: OpenCL_INCLUDE_DIR-NOTFOUND/CL/cl.h: No such file or directory
    2 | #include <OpenCL_INCLUDE_DIR-NOTFOUND/CL/cl.h>
      |          ^~~~~~~~~~~~~~~~~~~~~~~~~~~~~~~~~~~~~
compilation terminated.
make[1]: *** [CMakeFiles/cmTC_ef7a7.dir/build.make:66: CMakeFiles/cmTC_ef7a7.dir/CheckSymbolExists.c.o] Error 1
make[1]: Leaving directory '/home/ubuntu/opencv/build_opencv/CMakeFiles/CMakeTmp'
make: *** [Makefile:121: cmTC_ef7a7/fast] Error 2


File /home/ubuntu/opencv/build_opencv/CMakeFiles/CMakeTmp/CheckSymbolExists.c:
/* */
#include <OpenCL_INCLUDE_DIR-NOTFOUND/CL/cl.h>

int main(int argc, char** argv)
{
  (void)argv;
#ifndef CL_VERSION_1_2
  return ((int*)(&CL_VERSION_1_2))[argc];
#else
  (void)argc;
  return 0;
#endif
}
Determining if the CL_VERSION_1_1 exist failed with the following output:
Change Dir: /home/ubuntu/opencv/build_opencv/CMakeFiles/CMakeTmp

Run Build Command(s):/usr/bin/make cmTC_d954d/fast && /usr/bin/make -f CMakeFiles/cmTC_d954d.dir/build.make CMakeFiles/cmTC_d954d.dir/build
make[1]: Entering directory '/home/ubuntu/opencv/build_opencv/CMakeFiles/CMakeTmp'
Building C object CMakeFiles/cmTC_d954d.dir/CheckSymbolExists.c.o
/usr/bin/cc   -fsigned-char -W -Wall -Werror=return-type -Werror=address -Werror=sequence-point -Wformat -Werror=format-security -Wmissing-declarations -Wmissing-prototypes -Wstrict-prototypes -Wundef -Winit-self -Wpointer-arith -Wshadow -Wuninitialized -Wno-comment -Wimplicit-fallthrough=3 -Wno-strict-overflow -fdiagnostics-show-option -pthread -fomit-frame-pointer -ffunction-sections -fdata-sections    -fvisibility=hidden  -O3 -DNDEBUG  -DNDEBUG -fPIE   -o CMakeFiles/cmTC_d954d.dir/CheckSymbolExists.c.o   -c /home/ubuntu/opencv/build_opencv/CMakeFiles/CMakeTmp/CheckSymbolExists.c
/home/ubuntu/opencv/build_opencv/CMakeFiles/CMakeTmp/CheckSymbolExists.c:2:10: fatal error: OpenCL_INCLUDE_DIR-NOTFOUND/CL/cl.h: No such file or directory
    2 | #include <OpenCL_INCLUDE_DIR-NOTFOUND/CL/cl.h>
      |          ^~~~~~~~~~~~~~~~~~~~~~~~~~~~~~~~~~~~~
compilation terminated.
make[1]: *** [CMakeFiles/cmTC_d954d.dir/build.make:66: CMakeFiles/cmTC_d954d.dir/CheckSymbolExists.c.o] Error 1
make[1]: Leaving directory '/home/ubuntu/opencv/build_opencv/CMakeFiles/CMakeTmp'
make: *** [Makefile:121: cmTC_d954d/fast] Error 2


File /home/ubuntu/opencv/build_opencv/CMakeFiles/CMakeTmp/CheckSymbolExists.c:
/* */
#include <OpenCL_INCLUDE_DIR-NOTFOUND/CL/cl.h>

int main(int argc, char** argv)
{
  (void)argv;
#ifndef CL_VERSION_1_1
  return ((int*)(&CL_VERSION_1_1))[argc];
#else
  (void)argc;
  return 0;
#endif
}
Determining if the CL_VERSION_1_0 exist failed with the following output:
Change Dir: /home/ubuntu/opencv/build_opencv/CMakeFiles/CMakeTmp

Run Build Command(s):/usr/bin/make cmTC_810b9/fast && /usr/bin/make -f CMakeFiles/cmTC_810b9.dir/build.make CMakeFiles/cmTC_810b9.dir/build
make[1]: Entering directory '/home/ubuntu/opencv/build_opencv/CMakeFiles/CMakeTmp'
Building C object CMakeFiles/cmTC_810b9.dir/CheckSymbolExists.c.o
/usr/bin/cc   -fsigned-char -W -Wall -Werror=return-type -Werror=address -Werror=sequence-point -Wformat -Werror=format-security -Wmissing-declarations -Wmissing-prototypes -Wstrict-prototypes -Wundef -Winit-self -Wpointer-arith -Wshadow -Wuninitialized -Wno-comment -Wimplicit-fallthrough=3 -Wno-strict-overflow -fdiagnostics-show-option -pthread -fomit-frame-pointer -ffunction-sections -fdata-sections    -fvisibility=hidden  -O3 -DNDEBUG  -DNDEBUG -fPIE   -o CMakeFiles/cmTC_810b9.dir/CheckSymbolExists.c.o   -c /home/ubuntu/opencv/build_opencv/CMakeFiles/CMakeTmp/CheckSymbolExists.c
/home/ubuntu/opencv/build_opencv/CMakeFiles/CMakeTmp/CheckSymbolExists.c:2:10: fatal error: OpenCL_INCLUDE_DIR-NOTFOUND/CL/cl.h: No such file or directory
    2 | #include <OpenCL_INCLUDE_DIR-NOTFOUND/CL/cl.h>
      |          ^~~~~~~~~~~~~~~~~~~~~~~~~~~~~~~~~~~~~
compilation terminated.
make[1]: *** [CMakeFiles/cmTC_810b9.dir/build.make:66: CMakeFiles/cmTC_810b9.dir/CheckSymbolExists.c.o] Error 1
make[1]: Leaving directory '/home/ubuntu/opencv/build_opencv/CMakeFiles/CMakeTmp'
make: *** [Makefile:121: cmTC_810b9/fast] Error 2


File /home/ubuntu/opencv/build_opencv/CMakeFiles/CMakeTmp/CheckSymbolExists.c:
/* */
#include <OpenCL_INCLUDE_DIR-NOTFOUND/CL/cl.h>

int main(int argc, char** argv)
{
  (void)argv;
#ifndef CL_VERSION_1_0
  return ((int*)(&CL_VERSION_1_0))[argc];
#else
  (void)argc;
  return 0;
#endif
}
