Build output check failed:
    Regex: 'argument .* is not valid'
    Output line: 'cc1: warning: ‘-Werror=’ argument ‘-Werror=non-virtual-dtor’ is not valid for C'
Compilation failed:
    source file: '/home/premgeetha/example-standalone-inferencing-linux/opencv/build_opencv/CMakeFiles/CMakeTmp/src.c'
    check option: ' -fsigned-char -W -Wall -Werror=return-type  -Werror=non-virtual-dtor'
===== BUILD LOG =====
Change Dir: /home/premgeetha/example-standalone-inferencing-linux/opencv/build_opencv/CMakeFiles/CMakeTmp

Run Build Command(s):/usr/bin/gmake -f Makefile cmTC_1132e/fast && /usr/bin/gmake  -f CMakeFiles/cmTC_1132e.dir/build.make CMakeFiles/cmTC_1132e.dir/build
gmake[1]: Entering directory '/home/premgeetha/example-standalone-inferencing-linux/opencv/build_opencv/CMakeFiles/CMakeTmp'
Building C object CMakeFiles/cmTC_1132e.dir/src.c.o
/usr/bin/cc   -O3 -DNDEBUG -fPIE    -fsigned-char -W -Wall -Werror=return-type  -Werror=non-virtual-dtor -o CMakeFiles/cmTC_1132e.dir/src.c.o -c /home/premgeetha/example-standalone-inferencing-linux/opencv/build_opencv/CMakeFiles/CMakeTmp/src.c
cc1: warning: ‘-Werror=’ argument ‘-Werror=non-virtual-dtor’ is not valid for C
/home/premgeetha/example-standalone-inferencing-linux/opencv/build_opencv/CMakeFiles/CMakeTmp/src.c:1: warning: ignoring ‘#pragma  ’ [-Wunknown-pragmas]
    1 | #pragma
      | 
Linking C executable cmTC_1132e
/usr/bin/cmake -E cmake_link_script CMakeFiles/cmTC_1132e.dir/link.txt --verbose=1
/usr/bin/cc -O3 -DNDEBUG CMakeFiles/cmTC_1132e.dir/src.c.o -o cmTC_1132e 
gmake[1]: Leaving directory '/home/premgeetha/example-standalone-inferencing-linux/opencv/build_opencv/CMakeFiles/CMakeTmp'


===== END =====

Build output check failed:
    Regex: 'command[- ]line option .* is valid for .* but not for C\+\+'
    Output line: 'cc1plus: warning: command-line option ‘-Wmissing-prototypes’ is valid for C/ObjC but not for C++'
Compilation failed:
    source file: '/home/premgeetha/example-standalone-inferencing-linux/opencv/build_opencv/CMakeFiles/CMakeTmp/src.cxx'
    check option: ' -fsigned-char -W -Wall -Werror=return-type -Werror=non-virtual-dtor -Werror=address -Werror=sequence-point -Wformat -Werror=format-security -Wmissing-declarations  -Wmissing-prototypes'
===== BUILD LOG =====
Change Dir: /home/premgeetha/example-standalone-inferencing-linux/opencv/build_opencv/CMakeFiles/CMakeTmp

Run Build Command(s):/usr/bin/gmake -f Makefile cmTC_0f722/fast && /usr/bin/gmake  -f CMakeFiles/cmTC_0f722.dir/build.make CMakeFiles/cmTC_0f722.dir/build
gmake[1]: Entering directory '/home/premgeetha/example-standalone-inferencing-linux/opencv/build_opencv/CMakeFiles/CMakeTmp'
Building CXX object CMakeFiles/cmTC_0f722.dir/src.cxx.o
/usr/bin/c++   -O3 -DNDEBUG -fPIE    -fsigned-char -W -Wall -Werror=return-type -Werror=non-virtual-dtor -Werror=address -Werror=sequence-point -Wformat -Werror=format-security -Wmissing-declarations  -Wmissing-prototypes -std=c++11 -o CMakeFiles/cmTC_0f722.dir/src.cxx.o -c /home/premgeetha/example-standalone-inferencing-linux/opencv/build_opencv/CMakeFiles/CMakeTmp/src.cxx
cc1plus: warning: command-line option ‘-Wmissing-prototypes’ is valid for C/ObjC but not for C++
/home/premgeetha/example-standalone-inferencing-linux/opencv/build_opencv/CMakeFiles/CMakeTmp/src.cxx:1: warning: ignoring ‘#pragma  ’ [-Wunknown-pragmas]
    1 | #pragma
      | 
Linking CXX executable cmTC_0f722
/usr/bin/cmake -E cmake_link_script CMakeFiles/cmTC_0f722.dir/link.txt --verbose=1
/usr/bin/c++ -O3 -DNDEBUG CMakeFiles/cmTC_0f722.dir/src.cxx.o -o cmTC_0f722 
gmake[1]: Leaving directory '/home/premgeetha/example-standalone-inferencing-linux/opencv/build_opencv/CMakeFiles/CMakeTmp'


===== END =====

Build output check failed:
    Regex: 'command[- ]line option .* is valid for .* but not for C\+\+'
    Output line: 'cc1plus: warning: command-line option ‘-Wstrict-prototypes’ is valid for C/ObjC but not for C++'
Compilation failed:
    source file: '/home/premgeetha/example-standalone-inferencing-linux/opencv/build_opencv/CMakeFiles/CMakeTmp/src.cxx'
    check option: ' -fsigned-char -W -Wall -Werror=return-type -Werror=non-virtual-dtor -Werror=address -Werror=sequence-point -Wformat -Werror=format-security -Wmissing-declarations  -Wstrict-prototypes'
===== BUILD LOG =====
Change Dir: /home/premgeetha/example-standalone-inferencing-linux/opencv/build_opencv/CMakeFiles/CMakeTmp

Run Build Command(s):/usr/bin/gmake -f Makefile cmTC_2c4f7/fast && /usr/bin/gmake  -f CMakeFiles/cmTC_2c4f7.dir/build.make CMakeFiles/cmTC_2c4f7.dir/build
gmake[1]: Entering directory '/home/premgeetha/example-standalone-inferencing-linux/opencv/build_opencv/CMakeFiles/CMakeTmp'
Building CXX object CMakeFiles/cmTC_2c4f7.dir/src.cxx.o
/usr/bin/c++   -O3 -DNDEBUG -fPIE    -fsigned-char -W -Wall -Werror=return-type -Werror=non-virtual-dtor -Werror=address -Werror=sequence-point -Wformat -Werror=format-security -Wmissing-declarations  -Wstrict-prototypes -std=c++11 -o CMakeFiles/cmTC_2c4f7.dir/src.cxx.o -c /home/premgeetha/example-standalone-inferencing-linux/opencv/build_opencv/CMakeFiles/CMakeTmp/src.cxx
cc1plus: warning: command-line option ‘-Wstrict-prototypes’ is valid for C/ObjC but not for C++
/home/premgeetha/example-standalone-inferencing-linux/opencv/build_opencv/CMakeFiles/CMakeTmp/src.cxx:1: warning: ignoring ‘#pragma  ’ [-Wunknown-pragmas]
    1 | #pragma
      | 
Linking CXX executable cmTC_2c4f7
/usr/bin/cmake -E cmake_link_script CMakeFiles/cmTC_2c4f7.dir/link.txt --verbose=1
/usr/bin/c++ -O3 -DNDEBUG CMakeFiles/cmTC_2c4f7.dir/src.cxx.o -o cmTC_2c4f7 
gmake[1]: Leaving directory '/home/premgeetha/example-standalone-inferencing-linux/opencv/build_opencv/CMakeFiles/CMakeTmp'


===== END =====

Build output check failed:
    Regex: 'command[- ]line option .* is valid for .* but not for C'
    Output line: 'cc1: warning: command-line option ‘-Wsign-promo’ is valid for C++/ObjC++ but not for C'
Compilation failed:
    source file: '/home/premgeetha/example-standalone-inferencing-linux/opencv/build_opencv/CMakeFiles/CMakeTmp/src.c'
    check option: ' -fsigned-char -W -Wall -Werror=return-type -Werror=address -Werror=sequence-point -Wformat -Werror=format-security -Wmissing-declarations -Wmissing-prototypes -Wstrict-prototypes -Wundef -Winit-self -Wpointer-arith -Wshadow  -Wsign-promo'
===== BUILD LOG =====
Change Dir: /home/premgeetha/example-standalone-inferencing-linux/opencv/build_opencv/CMakeFiles/CMakeTmp

Run Build Command(s):/usr/bin/gmake -f Makefile cmTC_1f979/fast && /usr/bin/gmake  -f CMakeFiles/cmTC_1f979.dir/build.make CMakeFiles/cmTC_1f979.dir/build
gmake[1]: Entering directory '/home/premgeetha/example-standalone-inferencing-linux/opencv/build_opencv/CMakeFiles/CMakeTmp'
Building C object CMakeFiles/cmTC_1f979.dir/src.c.o
/usr/bin/cc   -O3 -DNDEBUG -fPIE    -fsigned-char -W -Wall -Werror=return-type -Werror=address -Werror=sequence-point -Wformat -Werror=format-security -Wmissing-declarations -Wmissing-prototypes -Wstrict-prototypes -Wundef -Winit-self -Wpointer-arith -Wshadow  -Wsign-promo -o CMakeFiles/cmTC_1f979.dir/src.c.o -c /home/premgeetha/example-standalone-inferencing-linux/opencv/build_opencv/CMakeFiles/CMakeTmp/src.c
cc1: warning: command-line option ‘-Wsign-promo’ is valid for C++/ObjC++ but not for C
/home/premgeetha/example-standalone-inferencing-linux/opencv/build_opencv/CMakeFiles/CMakeTmp/src.c:1: warning: ignoring ‘#pragma  ’ [-Wunknown-pragmas]
    1 | #pragma
      | 
Linking C executable cmTC_1f979
/usr/bin/cmake -E cmake_link_script CMakeFiles/cmTC_1f979.dir/link.txt --verbose=1
/usr/bin/cc -O3 -DNDEBUG CMakeFiles/cmTC_1f979.dir/src.c.o -o cmTC_1f979 
gmake[1]: Leaving directory '/home/premgeetha/example-standalone-inferencing-linux/opencv/build_opencv/CMakeFiles/CMakeTmp'


===== END =====

Build output check failed:
    Regex: 'command[- ]line option .* is valid for .* but not for C'
    Output line: 'cc1: warning: command-line option ‘-Wsuggest-override’ is valid for C++/ObjC++ but not for C'
Compilation failed:
    source file: '/home/premgeetha/example-standalone-inferencing-linux/opencv/build_opencv/CMakeFiles/CMakeTmp/src.c'
    check option: ' -fsigned-char -W -Wall -Werror=return-type -Werror=address -Werror=sequence-point -Wformat -Werror=format-security -Wmissing-declarations -Wmissing-prototypes -Wstrict-prototypes -Wundef -Winit-self -Wpointer-arith -Wshadow -Wuninitialized  -Wsuggest-override'
===== BUILD LOG =====
Change Dir: /home/premgeetha/example-standalone-inferencing-linux/opencv/build_opencv/CMakeFiles/CMakeTmp

Run Build Command(s):/usr/bin/gmake -f Makefile cmTC_b5946/fast && /usr/bin/gmake  -f CMakeFiles/cmTC_b5946.dir/build.make CMakeFiles/cmTC_b5946.dir/build
gmake[1]: Entering directory '/home/premgeetha/example-standalone-inferencing-linux/opencv/build_opencv/CMakeFiles/CMakeTmp'
Building C object CMakeFiles/cmTC_b5946.dir/src.c.o
/usr/bin/cc   -O3 -DNDEBUG -fPIE    -fsigned-char -W -Wall -Werror=return-type -Werror=address -Werror=sequence-point -Wformat -Werror=format-security -Wmissing-declarations -Wmissing-prototypes -Wstrict-prototypes -Wundef -Winit-self -Wpointer-arith -Wshadow -Wuninitialized  -Wsuggest-override -o CMakeFiles/cmTC_b5946.dir/src.c.o -c /home/premgeetha/example-standalone-inferencing-linux/opencv/build_opencv/CMakeFiles/CMakeTmp/src.c
cc1: warning: command-line option ‘-Wsuggest-override’ is valid for C++/ObjC++ but not for C
/home/premgeetha/example-standalone-inferencing-linux/opencv/build_opencv/CMakeFiles/CMakeTmp/src.c:1: warning: ignoring ‘#pragma  ’ [-Wunknown-pragmas]
    1 | #pragma
      | 
Linking C executable cmTC_b5946
/usr/bin/cmake -E cmake_link_script CMakeFiles/cmTC_b5946.dir/link.txt --verbose=1
/usr/bin/cc -O3 -DNDEBUG CMakeFiles/cmTC_b5946.dir/src.c.o -o cmTC_b5946 
gmake[1]: Leaving directory '/home/premgeetha/example-standalone-inferencing-linux/opencv/build_opencv/CMakeFiles/CMakeTmp'


===== END =====

Build output check failed:
    Regex: 'command[- ]line option .* is valid for .* but not for C'
    Output line: 'cc1: warning: command-line option ‘-Wno-delete-non-virtual-dtor’ is valid for C++/ObjC++ but not for C'
Compilation failed:
    source file: '/home/premgeetha/example-standalone-inferencing-linux/opencv/build_opencv/CMakeFiles/CMakeTmp/src.c'
    check option: ' -fsigned-char -W -Wall -Werror=return-type -Werror=address -Werror=sequence-point -Wformat -Werror=format-security -Wmissing-declarations -Wmissing-prototypes -Wstrict-prototypes -Wundef -Winit-self -Wpointer-arith -Wshadow -Wuninitialized  -Wno-delete-non-virtual-dtor'
===== BUILD LOG =====
Change Dir: /home/premgeetha/example-standalone-inferencing-linux/opencv/build_opencv/CMakeFiles/CMakeTmp

Run Build Command(s):/usr/bin/gmake -f Makefile cmTC_c73dc/fast && /usr/bin/gmake  -f CMakeFiles/cmTC_c73dc.dir/build.make CMakeFiles/cmTC_c73dc.dir/build
gmake[1]: Entering directory '/home/premgeetha/example-standalone-inferencing-linux/opencv/build_opencv/CMakeFiles/CMakeTmp'
Building C object CMakeFiles/cmTC_c73dc.dir/src.c.o
/usr/bin/cc   -O3 -DNDEBUG -fPIE    -fsigned-char -W -Wall -Werror=return-type -Werror=address -Werror=sequence-point -Wformat -Werror=format-security -Wmissing-declarations -Wmissing-prototypes -Wstrict-prototypes -Wundef -Winit-self -Wpointer-arith -Wshadow -Wuninitialized  -Wno-delete-non-virtual-dtor -o CMakeFiles/cmTC_c73dc.dir/src.c.o -c /home/premgeetha/example-standalone-inferencing-linux/opencv/build_opencv/CMakeFiles/CMakeTmp/src.c
cc1: warning: command-line option ‘-Wno-delete-non-virtual-dtor’ is valid for C++/ObjC++ but not for C
/home/premgeetha/example-standalone-inferencing-linux/opencv/build_opencv/CMakeFiles/CMakeTmp/src.c:1: warning: ignoring ‘#pragma  ’ [-Wunknown-pragmas]
    1 | #pragma
      | 
Linking C executable cmTC_c73dc
/usr/bin/cmake -E cmake_link_script CMakeFiles/cmTC_c73dc.dir/link.txt --verbose=1
/usr/bin/cc -O3 -DNDEBUG CMakeFiles/cmTC_c73dc.dir/src.c.o -o cmTC_c73dc 
gmake[1]: Leaving directory '/home/premgeetha/example-standalone-inferencing-linux/opencv/build_opencv/CMakeFiles/CMakeTmp'


===== END =====

Build output check failed:
    Regex: 'unrecognized .*option'
    Output line: 'cc1plus: note: unrecognized command-line option ‘-Wno-unnamed-type-template-args’ may have been intended to silence earlier diagnostics'
Compilation failed:
    source file: '/home/premgeetha/example-standalone-inferencing-linux/opencv/build_opencv/CMakeFiles/CMakeTmp/src.cxx'
    check option: ' -fsigned-char -W -Wall -Werror=return-type -Werror=non-virtual-dtor -Werror=address -Werror=sequence-point -Wformat -Werror=format-security -Wmissing-declarations -Wundef -Winit-self -Wpointer-arith -Wshadow -Wsign-promo -Wuninitialized -Wsuggest-override -Wno-delete-non-virtual-dtor  -Wno-unnamed-type-template-args'
===== BUILD LOG =====
Change Dir: /home/premgeetha/example-standalone-inferencing-linux/opencv/build_opencv/CMakeFiles/CMakeTmp

Run Build Command(s):/usr/bin/gmake -f Makefile cmTC_79e2d/fast && /usr/bin/gmake  -f CMakeFiles/cmTC_79e2d.dir/build.make CMakeFiles/cmTC_79e2d.dir/build
gmake[1]: Entering directory '/home/premgeetha/example-standalone-inferencing-linux/opencv/build_opencv/CMakeFiles/CMakeTmp'
Building CXX object CMakeFiles/cmTC_79e2d.dir/src.cxx.o
/usr/bin/c++   -O3 -DNDEBUG -fPIE    -fsigned-char -W -Wall -Werror=return-type -Werror=non-virtual-dtor -Werror=address -Werror=sequence-point -Wformat -Werror=format-security -Wmissing-declarations -Wundef -Winit-self -Wpointer-arith -Wshadow -Wsign-promo -Wuninitialized -Wsuggest-override -Wno-delete-non-virtual-dtor  -Wno-unnamed-type-template-args -std=c++11 -o CMakeFiles/cmTC_79e2d.dir/src.cxx.o -c /home/premgeetha/example-standalone-inferencing-linux/opencv/build_opencv/CMakeFiles/CMakeTmp/src.cxx
/home/premgeetha/example-standalone-inferencing-linux/opencv/build_opencv/CMakeFiles/CMakeTmp/src.cxx:1: warning: ignoring ‘#pragma  ’ [-Wunknown-pragmas]
    1 | #pragma
      | 
cc1plus: note: unrecognized command-line option ‘-Wno-unnamed-type-template-args’ may have been intended to silence earlier diagnostics
Linking CXX executable cmTC_79e2d
/usr/bin/cmake -E cmake_link_script CMakeFiles/cmTC_79e2d.dir/link.txt --verbose=1
/usr/bin/c++ -O3 -DNDEBUG CMakeFiles/cmTC_79e2d.dir/src.cxx.o -o cmTC_79e2d 
gmake[1]: Leaving directory '/home/premgeetha/example-standalone-inferencing-linux/opencv/build_opencv/CMakeFiles/CMakeTmp'


===== END =====

Build output check failed:
    Regex: 'unrecognized .*option'
    Output line: 'cc1: note: unrecognized command-line option ‘-Wno-unnamed-type-template-args’ may have been intended to silence earlier diagnostics'
Compilation failed:
    source file: '/home/premgeetha/example-standalone-inferencing-linux/opencv/build_opencv/CMakeFiles/CMakeTmp/src.c'
    check option: ' -fsigned-char -W -Wall -Werror=return-type -Werror=address -Werror=sequence-point -Wformat -Werror=format-security -Wmissing-declarations -Wmissing-prototypes -Wstrict-prototypes -Wundef -Winit-self -Wpointer-arith -Wshadow -Wuninitialized  -Wno-unnamed-type-template-args'
===== BUILD LOG =====
Change Dir: /home/premgeetha/example-standalone-inferencing-linux/opencv/build_opencv/CMakeFiles/CMakeTmp

Run Build Command(s):/usr/bin/gmake -f Makefile cmTC_377b8/fast && /usr/bin/gmake  -f CMakeFiles/cmTC_377b8.dir/build.make CMakeFiles/cmTC_377b8.dir/build
gmake[1]: Entering directory '/home/premgeetha/example-standalone-inferencing-linux/opencv/build_opencv/CMakeFiles/CMakeTmp'
Building C object CMakeFiles/cmTC_377b8.dir/src.c.o
/usr/bin/cc   -O3 -DNDEBUG -fPIE    -fsigned-char -W -Wall -Werror=return-type -Werror=address -Werror=sequence-point -Wformat -Werror=format-security -Wmissing-declarations -Wmissing-prototypes -Wstrict-prototypes -Wundef -Winit-self -Wpointer-arith -Wshadow -Wuninitialized  -Wno-unnamed-type-template-args -o CMakeFiles/cmTC_377b8.dir/src.c.o -c /home/premgeetha/example-standalone-inferencing-linux/opencv/build_opencv/CMakeFiles/CMakeTmp/src.c
/home/premgeetha/example-standalone-inferencing-linux/opencv/build_opencv/CMakeFiles/CMakeTmp/src.c:1: warning: ignoring ‘#pragma  ’ [-Wunknown-pragmas]
    1 | #pragma
      | 
cc1: note: unrecognized command-line option ‘-Wno-unnamed-type-template-args’ may have been intended to silence earlier diagnostics
Linking C executable cmTC_377b8
/usr/bin/cmake -E cmake_link_script CMakeFiles/cmTC_377b8.dir/link.txt --verbose=1
/usr/bin/cc -O3 -DNDEBUG CMakeFiles/cmTC_377b8.dir/src.c.o -o cmTC_377b8 
gmake[1]: Leaving directory '/home/premgeetha/example-standalone-inferencing-linux/opencv/build_opencv/CMakeFiles/CMakeTmp'


===== END =====

Build output check failed:
    Regex: 'command[- ]line option .* is valid for .* but not for C'
    Output line: 'cc1: warning: command-line option ‘-fvisibility-inlines-hidden’ is valid for C++/ObjC++ but not for C'
Compilation failed:
    source file: '/home/premgeetha/example-standalone-inferencing-linux/opencv/build_opencv/CMakeFiles/CMakeTmp/src.c'
    check option: ' -fsigned-char -W -Wall -Werror=return-type -Werror=address -Werror=sequence-point -Wformat -Werror=format-security -Wmissing-declarations -Wmissing-prototypes -Wstrict-prototypes -Wundef -Winit-self -Wpointer-arith -Wshadow -Wuninitialized -Wno-comment -Wimplicit-fallthrough=3 -Wno-strict-overflow -fdiagnostics-show-option -Wno-long-long -pthread -fomit-frame-pointer -ffunction-sections -fdata-sections  -msse -msse2 -msse3 -fvisibility=hidden  -fvisibility-inlines-hidden'
===== BUILD LOG =====
Change Dir: /home/premgeetha/example-standalone-inferencing-linux/opencv/build_opencv/CMakeFiles/CMakeTmp

Run Build Command(s):/usr/bin/gmake -f Makefile cmTC_97d04/fast && /usr/bin/gmake  -f CMakeFiles/cmTC_97d04.dir/build.make CMakeFiles/cmTC_97d04.dir/build
gmake[1]: Entering directory '/home/premgeetha/example-standalone-inferencing-linux/opencv/build_opencv/CMakeFiles/CMakeTmp'
Building C object CMakeFiles/cmTC_97d04.dir/src.c.o
/usr/bin/cc   -O3 -DNDEBUG -fPIE    -fsigned-char -W -Wall -Werror=return-type -Werror=address -Werror=sequence-point -Wformat -Werror=format-security -Wmissing-declarations -Wmissing-prototypes -Wstrict-prototypes -Wundef -Winit-self -Wpointer-arith -Wshadow -Wuninitialized -Wno-comment -Wimplicit-fallthrough=3 -Wno-strict-overflow -fdiagnostics-show-option -Wno-long-long -pthread -fomit-frame-pointer -ffunction-sections -fdata-sections  -msse -msse2 -msse3 -fvisibility=hidden  -fvisibility-inlines-hidden -o CMakeFiles/cmTC_97d04.dir/src.c.o -c /home/premgeetha/example-standalone-inferencing-linux/opencv/build_opencv/CMakeFiles/CMakeTmp/src.c
cc1: warning: command-line option ‘-fvisibility-inlines-hidden’ is valid for C++/ObjC++ but not for C
/home/premgeetha/example-standalone-inferencing-linux/opencv/build_opencv/CMakeFiles/CMakeTmp/src.c:1: warning: ignoring ‘#pragma  ’ [-Wunknown-pragmas]
    1 | #pragma
      | 
Linking C executable cmTC_97d04
/usr/bin/cmake -E cmake_link_script CMakeFiles/cmTC_97d04.dir/link.txt --verbose=1
/usr/bin/cc -O3 -DNDEBUG CMakeFiles/cmTC_97d04.dir/src.c.o -o cmTC_97d04 
gmake[1]: Leaving directory '/home/premgeetha/example-standalone-inferencing-linux/opencv/build_opencv/CMakeFiles/CMakeTmp'


===== END =====

Build output check failed:
    Regex: 'unrecognized .*option'
    Output line: 'cc1: note: unrecognized command-line option ‘-Wno-implicit-const-int-float-conversion’ may have been intended to silence earlier diagnostics'
Compilation failed:
    source file: '/home/premgeetha/example-standalone-inferencing-linux/opencv/build_opencv/CMakeFiles/CMakeTmp/src.c'
    check option: ' -Wno-implicit-const-int-float-conversion'
===== BUILD LOG =====
Change Dir: /home/premgeetha/example-standalone-inferencing-linux/opencv/build_opencv/CMakeFiles/CMakeTmp

Run Build Command(s):/usr/bin/gmake -f Makefile cmTC_e517d/fast && /usr/bin/gmake  -f CMakeFiles/cmTC_e517d.dir/build.make CMakeFiles/cmTC_e517d.dir/build
gmake[1]: Entering directory '/home/premgeetha/example-standalone-inferencing-linux/opencv/build_opencv/CMakeFiles/CMakeTmp'
Building C object CMakeFiles/cmTC_e517d.dir/src.c.o
/usr/bin/cc   -fsigned-char -W -Wall -Werror=return-type -Werror=address -Werror=sequence-point -Wformat -Werror=format-security -Wmissing-declarations -Wmissing-prototypes -Wstrict-prototypes -Wundef -Winit-self -Wpointer-arith -Wshadow -Wuninitialized -Wno-comment -Wimplicit-fallthrough=3 -Wno-strict-overflow -fdiagnostics-show-option -Wno-long-long -pthread -fomit-frame-pointer -ffunction-sections -fdata-sections  -msse -msse2 -msse3 -fvisibility=hidden  -O3 -DNDEBUG  -DNDEBUG -fPIE    -Wno-implicit-const-int-float-conversion -o CMakeFiles/cmTC_e517d.dir/src.c.o -c /home/premgeetha/example-standalone-inferencing-linux/opencv/build_opencv/CMakeFiles/CMakeTmp/src.c
/home/premgeetha/example-standalone-inferencing-linux/opencv/build_opencv/CMakeFiles/CMakeTmp/src.c:1: warning: ignoring ‘#pragma  ’ [-Wunknown-pragmas]
    1 | #pragma
      | 
cc1: note: unrecognized command-line option ‘-Wno-implicit-const-int-float-conversion’ may have been intended to silence earlier diagnostics
Linking C executable cmTC_e517d
/usr/bin/cmake -E cmake_link_script CMakeFiles/cmTC_e517d.dir/link.txt --verbose=1
/usr/bin/cc    -fsigned-char -W -Wall -Werror=return-type -Werror=address -Werror=sequence-point -Wformat -Werror=format-security -Wmissing-declarations -Wmissing-prototypes -Wstrict-prototypes -Wundef -Winit-self -Wpointer-arith -Wshadow -Wuninitialized -Wno-comment -Wimplicit-fallthrough=3 -Wno-strict-overflow -fdiagnostics-show-option -Wno-long-long -pthread -fomit-frame-pointer -ffunction-sections -fdata-sections  -msse -msse2 -msse3 -fvisibility=hidden  -O3 -DNDEBUG  -DNDEBUG   -Wl,--gc-sections -Wl,--as-needed  CMakeFiles/cmTC_e517d.dir/src.c.o -o cmTC_e517d 
gmake[1]: Leaving directory '/home/premgeetha/example-standalone-inferencing-linux/opencv/build_opencv/CMakeFiles/CMakeTmp'


===== END =====

Determining if the _aligned_malloc exist failed with the following output:
Change Dir: /home/premgeetha/example-standalone-inferencing-linux/opencv/build_opencv/CMakeFiles/CMakeTmp

Run Build Command(s):/usr/bin/gmake -f Makefile cmTC_b6341/fast && /usr/bin/gmake  -f CMakeFiles/cmTC_b6341.dir/build.make CMakeFiles/cmTC_b6341.dir/build
gmake[1]: Entering directory '/home/premgeetha/example-standalone-inferencing-linux/opencv/build_opencv/CMakeFiles/CMakeTmp'
Building C object CMakeFiles/cmTC_b6341.dir/CheckSymbolExists.c.o
/usr/bin/cc   -fsigned-char -W -Wall   -Wformat -Wmissing-declarations -Wmissing-prototypes -Wstrict-prototypes -Wundef -Winit-self -Wpointer-arith -Wshadow -Wuninitialized -Wno-comment -Wimplicit-fallthrough=3 -Wno-strict-overflow -fdiagnostics-show-option -Wno-long-long -pthread -fomit-frame-pointer -ffunction-sections -fdata-sections  -msse -msse2 -msse3 -fvisibility=hidden  -O3 -DNDEBUG  -DNDEBUG -fPIE -o CMakeFiles/cmTC_b6341.dir/CheckSymbolExists.c.o -c /home/premgeetha/example-standalone-inferencing-linux/opencv/build_opencv/CMakeFiles/CMakeTmp/CheckSymbolExists.c
/home/premgeetha/example-standalone-inferencing-linux/opencv/build_opencv/CMakeFiles/CMakeTmp/CheckSymbolExists.c: In function ‘main’:
/home/premgeetha/example-standalone-inferencing-linux/opencv/build_opencv/CMakeFiles/CMakeTmp/CheckSymbolExists.c:8:19: error: ‘_aligned_malloc’ undeclared (first use in this function)
    8 |   return ((int*)(&_aligned_malloc))[argc];
      |                   ^~~~~~~~~~~~~~~
/home/premgeetha/example-standalone-inferencing-linux/opencv/build_opencv/CMakeFiles/CMakeTmp/CheckSymbolExists.c:8:19: note: each undeclared identifier is reported only once for each function it appears in
/home/premgeetha/example-standalone-inferencing-linux/opencv/build_opencv/CMakeFiles/CMakeTmp/CheckSymbolExists.c:4:14: warning: parameter ‘argc’ set but not used [-Wunused-but-set-parameter]
    4 | int main(int argc, char** argv)
      |          ~~~~^~~~
gmake[1]: *** [CMakeFiles/cmTC_b6341.dir/build.make:78: CMakeFiles/cmTC_b6341.dir/CheckSymbolExists.c.o] Error 1
gmake[1]: Leaving directory '/home/premgeetha/example-standalone-inferencing-linux/opencv/build_opencv/CMakeFiles/CMakeTmp'
gmake: *** [Makefile:127: cmTC_b6341/fast] Error 2


File /home/premgeetha/example-standalone-inferencing-linux/opencv/build_opencv/CMakeFiles/CMakeTmp/CheckSymbolExists.c:
/* */
#include <malloc.h>

int main(int argc, char** argv)
{
  (void)argv;
#ifndef _aligned_malloc
  return ((int*)(&_aligned_malloc))[argc];
#else
  (void)argc;
  return 0;
#endif
}
Build output check failed:
    Regex: 'unrecognized .*option'
    Output line: 'cc1plus: note: unrecognized command-line option ‘-Wno-inconsistent-missing-override’ may have been intended to silence earlier diagnostics'
Compilation failed:
    source file: '/home/premgeetha/example-standalone-inferencing-linux/opencv/build_opencv/CMakeFiles/CMakeTmp/src.cxx'
    check option: ' -Wno-inconsistent-missing-override'
===== BUILD LOG =====
Change Dir: /home/premgeetha/example-standalone-inferencing-linux/opencv/build_opencv/CMakeFiles/CMakeTmp

Run Build Command(s):/usr/bin/gmake -f Makefile cmTC_597cb/fast && /usr/bin/gmake  -f CMakeFiles/cmTC_597cb.dir/build.make CMakeFiles/cmTC_597cb.dir/build
gmake[1]: Entering directory '/home/premgeetha/example-standalone-inferencing-linux/opencv/build_opencv/CMakeFiles/CMakeTmp'
Building CXX object CMakeFiles/cmTC_597cb.dir/src.cxx.o
/usr/bin/c++   -fsigned-char -W -Wall -Werror=return-type -Werror=non-virtual-dtor -Werror=address -Werror=sequence-point -Wformat -Werror=format-security -Winit-self -Wpointer-arith -Wsign-promo -Wno-delete-non-virtual-dtor -Wno-comment -Wimplicit-fallthrough=3 -Wno-strict-overflow -fdiagnostics-show-option -Wno-long-long -pthread -fomit-frame-pointer -ffunction-sections -fdata-sections  -msse -msse2 -msse3 -fvisibility=hidden -fvisibility-inlines-hidden -Wno-shadow -Wno-unused -Wno-sign-compare -Wno-undef -Wno-missing-declarations -Wno-uninitialized -Wno-switch -Wno-parentheses -Wno-array-bounds -Wno-extra -Wno-deprecated-declarations -Wno-misleading-indentation -Wno-deprecated -Wno-suggest-override  -O3 -DNDEBUG  -DNDEBUG -fPIE    -Wno-inconsistent-missing-override -std=c++11 -o CMakeFiles/cmTC_597cb.dir/src.cxx.o -c /home/premgeetha/example-standalone-inferencing-linux/opencv/build_opencv/CMakeFiles/CMakeTmp/src.cxx
/home/premgeetha/example-standalone-inferencing-linux/opencv/build_opencv/CMakeFiles/CMakeTmp/src.cxx:1: warning: ignoring ‘#pragma  ’ [-Wunknown-pragmas]
    1 | #pragma
      | 
cc1plus: note: unrecognized command-line option ‘-Wno-inconsistent-missing-override’ may have been intended to silence earlier diagnostics
Linking CXX executable cmTC_597cb
/usr/bin/cmake -E cmake_link_script CMakeFiles/cmTC_597cb.dir/link.txt --verbose=1
/usr/bin/c++    -fsigned-char -W -Wall -Werror=return-type -Werror=non-virtual-dtor -Werror=address -Werror=sequence-point -Wformat -Werror=format-security -Winit-self -Wpointer-arith -Wsign-promo -Wno-delete-non-virtual-dtor -Wno-comment -Wimplicit-fallthrough=3 -Wno-strict-overflow -fdiagnostics-show-option -Wno-long-long -pthread -fomit-frame-pointer -ffunction-sections -fdata-sections  -msse -msse2 -msse3 -fvisibility=hidden -fvisibility-inlines-hidden -Wno-shadow -Wno-unused -Wno-sign-compare -Wno-undef -Wno-missing-declarations -Wno-uninitialized -Wno-switch -Wno-parentheses -Wno-array-bounds -Wno-extra -Wno-deprecated-declarations -Wno-misleading-indentation -Wno-deprecated -Wno-suggest-override  -O3 -DNDEBUG  -DNDEBUG   -Wl,--gc-sections -Wl,--as-needed  CMakeFiles/cmTC_597cb.dir/src.cxx.o -o cmTC_597cb 
gmake[1]: Leaving directory '/home/premgeetha/example-standalone-inferencing-linux/opencv/build_opencv/CMakeFiles/CMakeTmp'


===== END =====

Build output check failed:
    Regex: 'command[- ]line option .* is valid for .* but not for C\+\+'
    Output line: 'cc1plus: warning: command-line option ‘-Wno-missing-prototypes’ is valid for C/ObjC but not for C++'
Compilation failed:
    source file: '/home/premgeetha/example-standalone-inferencing-linux/opencv/build_opencv/CMakeFiles/CMakeTmp/src.cxx'
    check option: ' -Wno-missing-prototypes'
===== BUILD LOG =====
Change Dir: /home/premgeetha/example-standalone-inferencing-linux/opencv/build_opencv/CMakeFiles/CMakeTmp

Run Build Command(s):/usr/bin/gmake -f Makefile cmTC_3e0f1/fast && /usr/bin/gmake  -f CMakeFiles/cmTC_3e0f1.dir/build.make CMakeFiles/cmTC_3e0f1.dir/build
gmake[1]: Entering directory '/home/premgeetha/example-standalone-inferencing-linux/opencv/build_opencv/CMakeFiles/CMakeTmp'
Building CXX object CMakeFiles/cmTC_3e0f1.dir/src.cxx.o
/usr/bin/c++   -fsigned-char -W -Wall -Werror=return-type -Werror=non-virtual-dtor -Werror=address -Werror=sequence-point -Wformat -Werror=format-security -Winit-self -Wpointer-arith -Wsign-promo -Wno-delete-non-virtual-dtor -Wno-comment -Wno-strict-overflow -fdiagnostics-show-option -Wno-long-long -pthread -fomit-frame-pointer -ffunction-sections -fdata-sections  -msse -msse2 -msse3 -fvisibility=hidden -fvisibility-inlines-hidden -Wno-shadow -Wno-unused -Wno-sign-compare -Wno-undef -Wno-missing-declarations -Wno-uninitialized -Wno-switch -Wno-parentheses -Wno-array-bounds -Wno-extra -Wno-deprecated-declarations -Wno-misleading-indentation -Wno-deprecated -Wno-suggest-override -Wno-implicit-fallthrough -Wno-tautological-compare  -O3 -DNDEBUG  -DNDEBUG -fPIE    -Wno-missing-prototypes -std=c++11 -o CMakeFiles/cmTC_3e0f1.dir/src.cxx.o -c /home/premgeetha/example-standalone-inferencing-linux/opencv/build_opencv/CMakeFiles/CMakeTmp/src.cxx
cc1plus: warning: command-line option ‘-Wno-missing-prototypes’ is valid for C/ObjC but not for C++
/home/premgeetha/example-standalone-inferencing-linux/opencv/build_opencv/CMakeFiles/CMakeTmp/src.cxx:1: warning: ignoring ‘#pragma  ’ [-Wunknown-pragmas]
    1 | #pragma
      | 
Linking CXX executable cmTC_3e0f1
/usr/bin/cmake -E cmake_link_script CMakeFiles/cmTC_3e0f1.dir/link.txt --verbose=1
/usr/bin/c++    -fsigned-char -W -Wall -Werror=return-type -Werror=non-virtual-dtor -Werror=address -Werror=sequence-point -Wformat -Werror=format-security -Winit-self -Wpointer-arith -Wsign-promo -Wno-delete-non-virtual-dtor -Wno-comment -Wno-strict-overflow -fdiagnostics-show-option -Wno-long-long -pthread -fomit-frame-pointer -ffunction-sections -fdata-sections  -msse -msse2 -msse3 -fvisibility=hidden -fvisibility-inlines-hidden -Wno-shadow -Wno-unused -Wno-sign-compare -Wno-undef -Wno-missing-declarations -Wno-uninitialized -Wno-switch -Wno-parentheses -Wno-array-bounds -Wno-extra -Wno-deprecated-declarations -Wno-misleading-indentation -Wno-deprecated -Wno-suggest-override -Wno-implicit-fallthrough -Wno-tautological-compare  -O3 -DNDEBUG  -DNDEBUG   -Wl,--gc-sections -Wl,--as-needed  CMakeFiles/cmTC_3e0f1.dir/src.cxx.o -o cmTC_3e0f1 
gmake[1]: Leaving directory '/home/premgeetha/example-standalone-inferencing-linux/opencv/build_opencv/CMakeFiles/CMakeTmp'


===== END =====

Build output check failed:
    Regex: 'unrecognized .*option'
    Output line: 'cc1plus: note: unrecognized command-line option ‘-Wno-implicit-const-int-float-conversion’ may have been intended to silence earlier diagnostics'
Compilation failed:
    source file: '/home/premgeetha/example-standalone-inferencing-linux/opencv/build_opencv/CMakeFiles/CMakeTmp/src.cxx'
    check option: ' -Wno-implicit-const-int-float-conversion'
===== BUILD LOG =====
Change Dir: /home/premgeetha/example-standalone-inferencing-linux/opencv/build_opencv/CMakeFiles/CMakeTmp

Run Build Command(s):/usr/bin/gmake -f Makefile cmTC_d0573/fast && /usr/bin/gmake  -f CMakeFiles/cmTC_d0573.dir/build.make CMakeFiles/cmTC_d0573.dir/build
gmake[1]: Entering directory '/home/premgeetha/example-standalone-inferencing-linux/opencv/build_opencv/CMakeFiles/CMakeTmp'
Building CXX object CMakeFiles/cmTC_d0573.dir/src.cxx.o
/usr/bin/c++   -fsigned-char -W -Wall -Werror=return-type -Werror=non-virtual-dtor -Werror=address -Werror=sequence-point -Wformat -Werror=format-security -Winit-self -Wpointer-arith -Wsign-promo -Wno-delete-non-virtual-dtor -Wno-comment -Wno-strict-overflow -fdiagnostics-show-option -Wno-long-long -pthread -fomit-frame-pointer -ffunction-sections -fdata-sections  -msse -msse2 -msse3 -fvisibility=hidden -fvisibility-inlines-hidden -Wno-shadow -Wno-unused -Wno-sign-compare -Wno-undef -Wno-missing-declarations -Wno-uninitialized -Wno-switch -Wno-parentheses -Wno-array-bounds -Wno-extra -Wno-deprecated-declarations -Wno-misleading-indentation -Wno-deprecated -Wno-suggest-override -Wno-implicit-fallthrough -Wno-tautological-compare -Wno-reorder -Wno-unused-result  -O3 -DNDEBUG  -DNDEBUG -fPIE    -Wno-implicit-const-int-float-conversion -std=c++11 -o CMakeFiles/cmTC_d0573.dir/src.cxx.o -c /home/premgeetha/example-standalone-inferencing-linux/opencv/build_opencv/CMakeFiles/CMakeTmp/src.cxx
/home/premgeetha/example-standalone-inferencing-linux/opencv/build_opencv/CMakeFiles/CMakeTmp/src.cxx:1: warning: ignoring ‘#pragma  ’ [-Wunknown-pragmas]
    1 | #pragma
      | 
cc1plus: note: unrecognized command-line option ‘-Wno-implicit-const-int-float-conversion’ may have been intended to silence earlier diagnostics
Linking CXX executable cmTC_d0573
/usr/bin/cmake -E cmake_link_script CMakeFiles/cmTC_d0573.dir/link.txt --verbose=1
/usr/bin/c++    -fsigned-char -W -Wall -Werror=return-type -Werror=non-virtual-dtor -Werror=address -Werror=sequence-point -Wformat -Werror=format-security -Winit-self -Wpointer-arith -Wsign-promo -Wno-delete-non-virtual-dtor -Wno-comment -Wno-strict-overflow -fdiagnostics-show-option -Wno-long-long -pthread -fomit-frame-pointer -ffunction-sections -fdata-sections  -msse -msse2 -msse3 -fvisibility=hidden -fvisibility-inlines-hidden -Wno-shadow -Wno-unused -Wno-sign-compare -Wno-undef -Wno-missing-declarations -Wno-uninitialized -Wno-switch -Wno-parentheses -Wno-array-bounds -Wno-extra -Wno-deprecated-declarations -Wno-misleading-indentation -Wno-deprecated -Wno-suggest-override -Wno-implicit-fallthrough -Wno-tautological-compare -Wno-reorder -Wno-unused-result  -O3 -DNDEBUG  -DNDEBUG   -Wl,--gc-sections -Wl,--as-needed  CMakeFiles/cmTC_d0573.dir/src.cxx.o -o cmTC_d0573 
gmake[1]: Leaving directory '/home/premgeetha/example-standalone-inferencing-linux/opencv/build_opencv/CMakeFiles/CMakeTmp'


===== END =====

Determining if the function sgemm_ exists failed with the following output:
Change Dir: /home/premgeetha/example-standalone-inferencing-linux/opencv/build_opencv/CMakeFiles/CMakeTmp

Run Build Command(s):/usr/bin/gmake -f Makefile cmTC_0b95e/fast && /usr/bin/gmake  -f CMakeFiles/cmTC_0b95e.dir/build.make CMakeFiles/cmTC_0b95e.dir/build
gmake[1]: Entering directory '/home/premgeetha/example-standalone-inferencing-linux/opencv/build_opencv/CMakeFiles/CMakeTmp'
Building C object CMakeFiles/cmTC_0b95e.dir/CheckFunctionExists.c.o
/usr/bin/cc   -fsigned-char -W -Wall -Werror=return-type -Werror=address -Werror=sequence-point -Wformat -Werror=format-security -Wmissing-declarations -Wmissing-prototypes -Wstrict-prototypes -Wundef -Winit-self -Wpointer-arith -Wshadow -Wuninitialized -Wno-comment -Wimplicit-fallthrough=3 -Wno-strict-overflow -fdiagnostics-show-option -Wno-long-long -pthread -fomit-frame-pointer -ffunction-sections -fdata-sections  -msse -msse2 -msse3 -fvisibility=hidden -DCHECK_FUNCTION_EXISTS=sgemm_ -O3 -DNDEBUG  -DNDEBUG -fPIE -o CMakeFiles/cmTC_0b95e.dir/CheckFunctionExists.c.o -c /usr/share/cmake-3.22/Modules/CheckFunctionExists.c
Linking C executable cmTC_0b95e
/usr/bin/cmake -E cmake_link_script CMakeFiles/cmTC_0b95e.dir/link.txt --verbose=1
/usr/bin/cc    -fsigned-char -W -Wall -Werror=return-type -Werror=address -Werror=sequence-point -Wformat -Werror=format-security -Wmissing-declarations -Wmissing-prototypes -Wstrict-prototypes -Wundef -Winit-self -Wpointer-arith -Wshadow -Wuninitialized -Wno-comment -Wimplicit-fallthrough=3 -Wno-strict-overflow -fdiagnostics-show-option -Wno-long-long -pthread -fomit-frame-pointer -ffunction-sections -fdata-sections  -msse -msse2 -msse3 -fvisibility=hidden -DCHECK_FUNCTION_EXISTS=sgemm_ -O3 -DNDEBUG  -DNDEBUG   -Wl,--gc-sections -Wl,--as-needed  CMakeFiles/cmTC_0b95e.dir/CheckFunctionExists.c.o -o cmTC_0b95e 
/usr/bin/ld: CMakeFiles/cmTC_0b95e.dir/CheckFunctionExists.c.o: in function `main':
CheckFunctionExists.c:(.text.startup.main+0x10): undefined reference to `sgemm_'
collect2: error: ld returned 1 exit status
gmake[1]: *** [CMakeFiles/cmTC_0b95e.dir/build.make:99: cmTC_0b95e] Error 1
gmake[1]: Leaving directory '/home/premgeetha/example-standalone-inferencing-linux/opencv/build_opencv/CMakeFiles/CMakeTmp'
gmake: *** [Makefile:127: cmTC_0b95e/fast] Error 2



Build output check failed:
    Regex: 'unrecognized .*option'
    Output line: 'cc1plus: note: unrecognized command-line option ‘-Wno-tautological-undefined-compare’ may have been intended to silence earlier diagnostics'
Compilation failed:
    source file: '/home/premgeetha/example-standalone-inferencing-linux/opencv/build_opencv/CMakeFiles/CMakeTmp/src.cxx'
    check option: ' -Wno-tautological-undefined-compare'
===== BUILD LOG =====
Change Dir: /home/premgeetha/example-standalone-inferencing-linux/opencv/build_opencv/CMakeFiles/CMakeTmp

Run Build Command(s):/usr/bin/gmake -f Makefile cmTC_0fb94/fast && /usr/bin/gmake  -f CMakeFiles/cmTC_0fb94.dir/build.make CMakeFiles/cmTC_0fb94.dir/build
gmake[1]: Entering directory '/home/premgeetha/example-standalone-inferencing-linux/opencv/build_opencv/CMakeFiles/CMakeTmp'
Building CXX object CMakeFiles/cmTC_0fb94.dir/src.cxx.o
/usr/bin/c++   -fsigned-char -W -Wall -Werror=return-type -Werror=non-virtual-dtor -Werror=address -Werror=sequence-point -Wformat -Werror=format-security -Winit-self -Wpointer-arith -Wuninitialized -Wsuggest-override -Wno-delete-non-virtual-dtor -Wno-comment -Wimplicit-fallthrough=3 -Wno-strict-overflow -fdiagnostics-show-option -Wno-long-long -pthread -fomit-frame-pointer -ffunction-sections -fdata-sections  -msse -msse2 -msse3 -fvisibility=hidden -fvisibility-inlines-hidden -Wno-deprecated -Wno-missing-declarations -Wno-shadow -Wno-unused-parameter -Wno-unused-local-typedefs -Wno-sign-compare -Wno-sign-promo -Wno-undef  -O3 -DNDEBUG  -DNDEBUG -fPIE    -Wno-tautological-undefined-compare -std=c++11 -o CMakeFiles/cmTC_0fb94.dir/src.cxx.o -c /home/premgeetha/example-standalone-inferencing-linux/opencv/build_opencv/CMakeFiles/CMakeTmp/src.cxx
/home/premgeetha/example-standalone-inferencing-linux/opencv/build_opencv/CMakeFiles/CMakeTmp/src.cxx:1: warning: ignoring ‘#pragma  ’ [-Wunknown-pragmas]
    1 | #pragma
      | 
cc1plus: note: unrecognized command-line option ‘-Wno-tautological-undefined-compare’ may have been intended to silence earlier diagnostics
Linking CXX executable cmTC_0fb94
/usr/bin/cmake -E cmake_link_script CMakeFiles/cmTC_0fb94.dir/link.txt --verbose=1
/usr/bin/c++    -fsigned-char -W -Wall -Werror=return-type -Werror=non-virtual-dtor -Werror=address -Werror=sequence-point -Wformat -Werror=format-security -Winit-self -Wpointer-arith -Wuninitialized -Wsuggest-override -Wno-delete-non-virtual-dtor -Wno-comment -Wimplicit-fallthrough=3 -Wno-strict-overflow -fdiagnostics-show-option -Wno-long-long -pthread -fomit-frame-pointer -ffunction-sections -fdata-sections  -msse -msse2 -msse3 -fvisibility=hidden -fvisibility-inlines-hidden -Wno-deprecated -Wno-missing-declarations -Wno-shadow -Wno-unused-parameter -Wno-unused-local-typedefs -Wno-sign-compare -Wno-sign-promo -Wno-undef  -O3 -DNDEBUG  -DNDEBUG   -Wl,--gc-sections -Wl,--as-needed  CMakeFiles/cmTC_0fb94.dir/src.cxx.o -o cmTC_0fb94 
gmake[1]: Leaving directory '/home/premgeetha/example-standalone-inferencing-linux/opencv/build_opencv/CMakeFiles/CMakeTmp'


===== END =====

Build output check failed:
    Regex: 'unrecognized .*option'
    Output line: 'cc1plus: note: unrecognized command-line option ‘-Wno-shorten-64-to-32’ may have been intended to silence earlier diagnostics'
Compilation failed:
    source file: '/home/premgeetha/example-standalone-inferencing-linux/opencv/build_opencv/CMakeFiles/CMakeTmp/src.cxx'
    check option: ' -Wno-shorten-64-to-32'
===== BUILD LOG =====
Change Dir: /home/premgeetha/example-standalone-inferencing-linux/opencv/build_opencv/CMakeFiles/CMakeTmp

Run Build Command(s):/usr/bin/gmake -f Makefile cmTC_b5ca6/fast && /usr/bin/gmake  -f CMakeFiles/cmTC_b5ca6.dir/build.make CMakeFiles/cmTC_b5ca6.dir/build
gmake[1]: Entering directory '/home/premgeetha/example-standalone-inferencing-linux/opencv/build_opencv/CMakeFiles/CMakeTmp'
Building CXX object CMakeFiles/cmTC_b5ca6.dir/src.cxx.o
/usr/bin/c++   -fsigned-char -W -Wall -Werror=return-type -Werror=non-virtual-dtor -Werror=address -Werror=sequence-point -Wformat -Werror=format-security -Winit-self -Wpointer-arith -Wuninitialized -Wsuggest-override -Wno-delete-non-virtual-dtor -Wno-comment -Wimplicit-fallthrough=3 -Wno-strict-overflow -fdiagnostics-show-option -Wno-long-long -pthread -fomit-frame-pointer -ffunction-sections -fdata-sections  -msse -msse2 -msse3 -fvisibility=hidden -fvisibility-inlines-hidden -Wno-deprecated -Wno-missing-declarations -Wno-shadow -Wno-unused-parameter -Wno-unused-local-typedefs -Wno-sign-compare -Wno-sign-promo -Wno-undef -Wno-ignored-qualifiers -Wno-extra -Wno-unused-function -Wno-unused-const-variable  -O3 -DNDEBUG  -DNDEBUG -fPIE    -Wno-shorten-64-to-32 -std=c++11 -o CMakeFiles/cmTC_b5ca6.dir/src.cxx.o -c /home/premgeetha/example-standalone-inferencing-linux/opencv/build_opencv/CMakeFiles/CMakeTmp/src.cxx
/home/premgeetha/example-standalone-inferencing-linux/opencv/build_opencv/CMakeFiles/CMakeTmp/src.cxx:1: warning: ignoring ‘#pragma  ’ [-Wunknown-pragmas]
    1 | #pragma
      | 
cc1plus: note: unrecognized command-line option ‘-Wno-shorten-64-to-32’ may have been intended to silence earlier diagnostics
Linking CXX executable cmTC_b5ca6
/usr/bin/cmake -E cmake_link_script CMakeFiles/cmTC_b5ca6.dir/link.txt --verbose=1
/usr/bin/c++    -fsigned-char -W -Wall -Werror=return-type -Werror=non-virtual-dtor -Werror=address -Werror=sequence-point -Wformat -Werror=format-security -Winit-self -Wpointer-arith -Wuninitialized -Wsuggest-override -Wno-delete-non-virtual-dtor -Wno-comment -Wimplicit-fallthrough=3 -Wno-strict-overflow -fdiagnostics-show-option -Wno-long-long -pthread -fomit-frame-pointer -ffunction-sections -fdata-sections  -msse -msse2 -msse3 -fvisibility=hidden -fvisibility-inlines-hidden -Wno-deprecated -Wno-missing-declarations -Wno-shadow -Wno-unused-parameter -Wno-unused-local-typedefs -Wno-sign-compare -Wno-sign-promo -Wno-undef -Wno-ignored-qualifiers -Wno-extra -Wno-unused-function -Wno-unused-const-variable  -O3 -DNDEBUG  -DNDEBUG   -Wl,--gc-sections -Wl,--as-needed  CMakeFiles/cmTC_b5ca6.dir/src.cxx.o -o cmTC_b5ca6 
gmake[1]: Leaving directory '/home/premgeetha/example-standalone-inferencing-linux/opencv/build_opencv/CMakeFiles/CMakeTmp'


===== END =====

Build output check failed:
    Regex: 'unrecognized .*option'
    Output line: 'cc1plus: note: unrecognized command-line option ‘-Wno-enum-compare-switch’ may have been intended to silence earlier diagnostics'
Compilation failed:
    source file: '/home/premgeetha/example-standalone-inferencing-linux/opencv/build_opencv/CMakeFiles/CMakeTmp/src.cxx'
    check option: ' -Wno-enum-compare-switch'
===== BUILD LOG =====
Change Dir: /home/premgeetha/example-standalone-inferencing-linux/opencv/build_opencv/CMakeFiles/CMakeTmp

Run Build Command(s):/usr/bin/gmake -f Makefile cmTC_ccc52/fast && /usr/bin/gmake  -f CMakeFiles/cmTC_ccc52.dir/build.make CMakeFiles/cmTC_ccc52.dir/build
gmake[1]: Entering directory '/home/premgeetha/example-standalone-inferencing-linux/opencv/build_opencv/CMakeFiles/CMakeTmp'
Building CXX object CMakeFiles/cmTC_ccc52.dir/src.cxx.o
/usr/bin/c++   -fsigned-char -W -Wall -Werror=return-type -Werror=non-virtual-dtor -Werror=address -Werror=sequence-point -Wformat -Werror=format-security -Winit-self -Wpointer-arith -Wuninitialized -Wsuggest-override -Wno-delete-non-virtual-dtor -Wno-comment -Wimplicit-fallthrough=3 -Wno-strict-overflow -fdiagnostics-show-option -Wno-long-long -pthread -fomit-frame-pointer -ffunction-sections -fdata-sections  -msse -msse2 -msse3 -fvisibility=hidden -fvisibility-inlines-hidden -Wno-deprecated -Wno-missing-declarations -Wno-shadow -Wno-unused-parameter -Wno-unused-local-typedefs -Wno-sign-compare -Wno-sign-promo -Wno-undef -Wno-ignored-qualifiers -Wno-extra -Wno-unused-function -Wno-unused-const-variable -Wno-invalid-offsetof  -O3 -DNDEBUG  -DNDEBUG -fPIE    -Wno-enum-compare-switch -std=c++11 -o CMakeFiles/cmTC_ccc52.dir/src.cxx.o -c /home/premgeetha/example-standalone-inferencing-linux/opencv/build_opencv/CMakeFiles/CMakeTmp/src.cxx
/home/premgeetha/example-standalone-inferencing-linux/opencv/build_opencv/CMakeFiles/CMakeTmp/src.cxx:1: warning: ignoring ‘#pragma  ’ [-Wunknown-pragmas]
    1 | #pragma
      | 
cc1plus: note: unrecognized command-line option ‘-Wno-enum-compare-switch’ may have been intended to silence earlier diagnostics
Linking CXX executable cmTC_ccc52
/usr/bin/cmake -E cmake_link_script CMakeFiles/cmTC_ccc52.dir/link.txt --verbose=1
/usr/bin/c++    -fsigned-char -W -Wall -Werror=return-type -Werror=non-virtual-dtor -Werror=address -Werror=sequence-point -Wformat -Werror=format-security -Winit-self -Wpointer-arith -Wuninitialized -Wsuggest-override -Wno-delete-non-virtual-dtor -Wno-comment -Wimplicit-fallthrough=3 -Wno-strict-overflow -fdiagnostics-show-option -Wno-long-long -pthread -fomit-frame-pointer -ffunction-sections -fdata-sections  -msse -msse2 -msse3 -fvisibility=hidden -fvisibility-inlines-hidden -Wno-deprecated -Wno-missing-declarations -Wno-shadow -Wno-unused-parameter -Wno-unused-local-typedefs -Wno-sign-compare -Wno-sign-promo -Wno-undef -Wno-ignored-qualifiers -Wno-extra -Wno-unused-function -Wno-unused-const-variable -Wno-invalid-offsetof  -O3 -DNDEBUG  -DNDEBUG   -Wl,--gc-sections -Wl,--as-needed  CMakeFiles/cmTC_ccc52.dir/src.cxx.o -o cmTC_ccc52 
gmake[1]: Leaving directory '/home/premgeetha/example-standalone-inferencing-linux/opencv/build_opencv/CMakeFiles/CMakeTmp'


===== END =====

Determining if the include file sys/videoio.h exists failed with the following output:
Change Dir: /home/premgeetha/example-standalone-inferencing-linux/opencv/build_opencv/CMakeFiles/CMakeTmp

Run Build Command(s):/usr/bin/gmake -f Makefile cmTC_19f0f/fast && /usr/bin/gmake  -f CMakeFiles/cmTC_19f0f.dir/build.make CMakeFiles/cmTC_19f0f.dir/build
gmake[1]: Entering directory '/home/premgeetha/example-standalone-inferencing-linux/opencv/build_opencv/CMakeFiles/CMakeTmp'
Building C object CMakeFiles/cmTC_19f0f.dir/CheckIncludeFile.c.o
/usr/bin/cc   -fsigned-char -W -Wall -Werror=return-type -Werror=address -Werror=sequence-point -Wformat -Werror=format-security -Wmissing-declarations -Wmissing-prototypes -Wstrict-prototypes -Wundef -Winit-self -Wpointer-arith -Wshadow -Wuninitialized -Wno-comment -Wimplicit-fallthrough=3 -Wno-strict-overflow -fdiagnostics-show-option -Wno-long-long -pthread -fomit-frame-pointer -ffunction-sections -fdata-sections  -msse -msse2 -msse3 -fvisibility=hidden  -O3 -DNDEBUG  -DNDEBUG -fPIE -o CMakeFiles/cmTC_19f0f.dir/CheckIncludeFile.c.o -c /home/premgeetha/example-standalone-inferencing-linux/opencv/build_opencv/CMakeFiles/CMakeTmp/CheckIncludeFile.c
/home/premgeetha/example-standalone-inferencing-linux/opencv/build_opencv/CMakeFiles/CMakeTmp/CheckIncludeFile.c:1:10: fatal error: sys/videoio.h: No such file or directory
    1 | #include <sys/videoio.h>
      |          ^~~~~~~~~~~~~~~
compilation terminated.
gmake[1]: *** [CMakeFiles/cmTC_19f0f.dir/build.make:78: CMakeFiles/cmTC_19f0f.dir/CheckIncludeFile.c.o] Error 1
gmake[1]: Leaving directory '/home/premgeetha/example-standalone-inferencing-linux/opencv/build_opencv/CMakeFiles/CMakeTmp'
gmake: *** [Makefile:127: cmTC_19f0f/fast] Error 2



Determining if the CL_VERSION_2_2 exist failed with the following output:
Change Dir: /home/premgeetha/example-standalone-inferencing-linux/opencv/build_opencv/CMakeFiles/CMakeTmp

Run Build Command(s):/usr/bin/gmake -f Makefile cmTC_2b830/fast && /usr/bin/gmake  -f CMakeFiles/cmTC_2b830.dir/build.make CMakeFiles/cmTC_2b830.dir/build
gmake[1]: Entering directory '/home/premgeetha/example-standalone-inferencing-linux/opencv/build_opencv/CMakeFiles/CMakeTmp'
Building C object CMakeFiles/cmTC_2b830.dir/CheckSymbolExists.c.o
/usr/bin/cc   -fsigned-char -W -Wall   -Wformat -Wmissing-declarations -Wmissing-prototypes -Wstrict-prototypes -Wundef -Winit-self -Wpointer-arith -Wshadow -Wuninitialized -Wno-comment -Wimplicit-fallthrough=3 -Wno-strict-overflow -fdiagnostics-show-option -Wno-long-long -pthread -fomit-frame-pointer -ffunction-sections -fdata-sections  -msse -msse2 -msse3 -fvisibility=hidden  -O3 -DNDEBUG  -DNDEBUG -fPIE -o CMakeFiles/cmTC_2b830.dir/CheckSymbolExists.c.o -c /home/premgeetha/example-standalone-inferencing-linux/opencv/build_opencv/CMakeFiles/CMakeTmp/CheckSymbolExists.c
/home/premgeetha/example-standalone-inferencing-linux/opencv/build_opencv/CMakeFiles/CMakeTmp/CheckSymbolExists.c:2:10: fatal error: OpenCL_INCLUDE_DIR-NOTFOUND/CL/cl.h: No such file or directory
    2 | #include <OpenCL_INCLUDE_DIR-NOTFOUND/CL/cl.h>
      |          ^~~~~~~~~~~~~~~~~~~~~~~~~~~~~~~~~~~~~
compilation terminated.
gmake[1]: *** [CMakeFiles/cmTC_2b830.dir/build.make:78: CMakeFiles/cmTC_2b830.dir/CheckSymbolExists.c.o] Error 1
gmake[1]: Leaving directory '/home/premgeetha/example-standalone-inferencing-linux/opencv/build_opencv/CMakeFiles/CMakeTmp'
gmake: *** [Makefile:127: cmTC_2b830/fast] Error 2


File /home/premgeetha/example-standalone-inferencing-linux/opencv/build_opencv/CMakeFiles/CMakeTmp/CheckSymbolExists.c:
/* */
#include <OpenCL_INCLUDE_DIR-NOTFOUND/CL/cl.h>

int main(int argc, char** argv)
{
  (void)argv;
#ifndef CL_VERSION_2_2
  return ((int*)(&CL_VERSION_2_2))[argc];
#else
  (void)argc;
  return 0;
#endif
}
Determining if the CL_VERSION_2_1 exist failed with the following output:
Change Dir: /home/premgeetha/example-standalone-inferencing-linux/opencv/build_opencv/CMakeFiles/CMakeTmp

Run Build Command(s):/usr/bin/gmake -f Makefile cmTC_af3a8/fast && /usr/bin/gmake  -f CMakeFiles/cmTC_af3a8.dir/build.make CMakeFiles/cmTC_af3a8.dir/build
gmake[1]: Entering directory '/home/premgeetha/example-standalone-inferencing-linux/opencv/build_opencv/CMakeFiles/CMakeTmp'
Building C object CMakeFiles/cmTC_af3a8.dir/CheckSymbolExists.c.o
/usr/bin/cc   -fsigned-char -W -Wall   -Wformat -Wmissing-declarations -Wmissing-prototypes -Wstrict-prototypes -Wundef -Winit-self -Wpointer-arith -Wshadow -Wuninitialized -Wno-comment -Wimplicit-fallthrough=3 -Wno-strict-overflow -fdiagnostics-show-option -Wno-long-long -pthread -fomit-frame-pointer -ffunction-sections -fdata-sections  -msse -msse2 -msse3 -fvisibility=hidden  -O3 -DNDEBUG  -DNDEBUG -fPIE -o CMakeFiles/cmTC_af3a8.dir/CheckSymbolExists.c.o -c /home/premgeetha/example-standalone-inferencing-linux/opencv/build_opencv/CMakeFiles/CMakeTmp/CheckSymbolExists.c
/home/premgeetha/example-standalone-inferencing-linux/opencv/build_opencv/CMakeFiles/CMakeTmp/CheckSymbolExists.c:2:10: fatal error: OpenCL_INCLUDE_DIR-NOTFOUND/CL/cl.h: No such file or directory
    2 | #include <OpenCL_INCLUDE_DIR-NOTFOUND/CL/cl.h>
      |          ^~~~~~~~~~~~~~~~~~~~~~~~~~~~~~~~~~~~~
compilation terminated.
gmake[1]: *** [CMakeFiles/cmTC_af3a8.dir/build.make:78: CMakeFiles/cmTC_af3a8.dir/CheckSymbolExists.c.o] Error 1
gmake[1]: Leaving directory '/home/premgeetha/example-standalone-inferencing-linux/opencv/build_opencv/CMakeFiles/CMakeTmp'
gmake: *** [Makefile:127: cmTC_af3a8/fast] Error 2


File /home/premgeetha/example-standalone-inferencing-linux/opencv/build_opencv/CMakeFiles/CMakeTmp/CheckSymbolExists.c:
/* */
#include <OpenCL_INCLUDE_DIR-NOTFOUND/CL/cl.h>

int main(int argc, char** argv)
{
  (void)argv;
#ifndef CL_VERSION_2_1
  return ((int*)(&CL_VERSION_2_1))[argc];
#else
  (void)argc;
  return 0;
#endif
}
Determining if the CL_VERSION_2_0 exist failed with the following output:
Change Dir: /home/premgeetha/example-standalone-inferencing-linux/opencv/build_opencv/CMakeFiles/CMakeTmp

Run Build Command(s):/usr/bin/gmake -f Makefile cmTC_020bb/fast && /usr/bin/gmake  -f CMakeFiles/cmTC_020bb.dir/build.make CMakeFiles/cmTC_020bb.dir/build
gmake[1]: Entering directory '/home/premgeetha/example-standalone-inferencing-linux/opencv/build_opencv/CMakeFiles/CMakeTmp'
Building C object CMakeFiles/cmTC_020bb.dir/CheckSymbolExists.c.o
/usr/bin/cc   -fsigned-char -W -Wall   -Wformat -Wmissing-declarations -Wmissing-prototypes -Wstrict-prototypes -Wundef -Winit-self -Wpointer-arith -Wshadow -Wuninitialized -Wno-comment -Wimplicit-fallthrough=3 -Wno-strict-overflow -fdiagnostics-show-option -Wno-long-long -pthread -fomit-frame-pointer -ffunction-sections -fdata-sections  -msse -msse2 -msse3 -fvisibility=hidden  -O3 -DNDEBUG  -DNDEBUG -fPIE -o CMakeFiles/cmTC_020bb.dir/CheckSymbolExists.c.o -c /home/premgeetha/example-standalone-inferencing-linux/opencv/build_opencv/CMakeFiles/CMakeTmp/CheckSymbolExists.c
/home/premgeetha/example-standalone-inferencing-linux/opencv/build_opencv/CMakeFiles/CMakeTmp/CheckSymbolExists.c:2:10: fatal error: OpenCL_INCLUDE_DIR-NOTFOUND/CL/cl.h: No such file or directory
    2 | #include <OpenCL_INCLUDE_DIR-NOTFOUND/CL/cl.h>
      |          ^~~~~~~~~~~~~~~~~~~~~~~~~~~~~~~~~~~~~
compilation terminated.
gmake[1]: *** [CMakeFiles/cmTC_020bb.dir/build.make:78: CMakeFiles/cmTC_020bb.dir/CheckSymbolExists.c.o] Error 1
gmake[1]: Leaving directory '/home/premgeetha/example-standalone-inferencing-linux/opencv/build_opencv/CMakeFiles/CMakeTmp'
gmake: *** [Makefile:127: cmTC_020bb/fast] Error 2


File /home/premgeetha/example-standalone-inferencing-linux/opencv/build_opencv/CMakeFiles/CMakeTmp/CheckSymbolExists.c:
/* */
#include <OpenCL_INCLUDE_DIR-NOTFOUND/CL/cl.h>

int main(int argc, char** argv)
{
  (void)argv;
#ifndef CL_VERSION_2_0
  return ((int*)(&CL_VERSION_2_0))[argc];
#else
  (void)argc;
  return 0;
#endif
}
Determining if the CL_VERSION_1_2 exist failed with the following output:
Change Dir: /home/premgeetha/example-standalone-inferencing-linux/opencv/build_opencv/CMakeFiles/CMakeTmp

Run Build Command(s):/usr/bin/gmake -f Makefile cmTC_315ab/fast && /usr/bin/gmake  -f CMakeFiles/cmTC_315ab.dir/build.make CMakeFiles/cmTC_315ab.dir/build
gmake[1]: Entering directory '/home/premgeetha/example-standalone-inferencing-linux/opencv/build_opencv/CMakeFiles/CMakeTmp'
Building C object CMakeFiles/cmTC_315ab.dir/CheckSymbolExists.c.o
/usr/bin/cc   -fsigned-char -W -Wall   -Wformat -Wmissing-declarations -Wmissing-prototypes -Wstrict-prototypes -Wundef -Winit-self -Wpointer-arith -Wshadow -Wuninitialized -Wno-comment -Wimplicit-fallthrough=3 -Wno-strict-overflow -fdiagnostics-show-option -Wno-long-long -pthread -fomit-frame-pointer -ffunction-sections -fdata-sections  -msse -msse2 -msse3 -fvisibility=hidden  -O3 -DNDEBUG  -DNDEBUG -fPIE -o CMakeFiles/cmTC_315ab.dir/CheckSymbolExists.c.o -c /home/premgeetha/example-standalone-inferencing-linux/opencv/build_opencv/CMakeFiles/CMakeTmp/CheckSymbolExists.c
/home/premgeetha/example-standalone-inferencing-linux/opencv/build_opencv/CMakeFiles/CMakeTmp/CheckSymbolExists.c:2:10: fatal error: OpenCL_INCLUDE_DIR-NOTFOUND/CL/cl.h: No such file or directory
    2 | #include <OpenCL_INCLUDE_DIR-NOTFOUND/CL/cl.h>
      |          ^~~~~~~~~~~~~~~~~~~~~~~~~~~~~~~~~~~~~
compilation terminated.
gmake[1]: *** [CMakeFiles/cmTC_315ab.dir/build.make:78: CMakeFiles/cmTC_315ab.dir/CheckSymbolExists.c.o] Error 1
gmake[1]: Leaving directory '/home/premgeetha/example-standalone-inferencing-linux/opencv/build_opencv/CMakeFiles/CMakeTmp'
gmake: *** [Makefile:127: cmTC_315ab/fast] Error 2


File /home/premgeetha/example-standalone-inferencing-linux/opencv/build_opencv/CMakeFiles/CMakeTmp/CheckSymbolExists.c:
/* */
#include <OpenCL_INCLUDE_DIR-NOTFOUND/CL/cl.h>

int main(int argc, char** argv)
{
  (void)argv;
#ifndef CL_VERSION_1_2
  return ((int*)(&CL_VERSION_1_2))[argc];
#else
  (void)argc;
  return 0;
#endif
}
Determining if the CL_VERSION_1_1 exist failed with the following output:
Change Dir: /home/premgeetha/example-standalone-inferencing-linux/opencv/build_opencv/CMakeFiles/CMakeTmp

Run Build Command(s):/usr/bin/gmake -f Makefile cmTC_861c4/fast && /usr/bin/gmake  -f CMakeFiles/cmTC_861c4.dir/build.make CMakeFiles/cmTC_861c4.dir/build
gmake[1]: Entering directory '/home/premgeetha/example-standalone-inferencing-linux/opencv/build_opencv/CMakeFiles/CMakeTmp'
Building C object CMakeFiles/cmTC_861c4.dir/CheckSymbolExists.c.o
/usr/bin/cc   -fsigned-char -W -Wall   -Wformat -Wmissing-declarations -Wmissing-prototypes -Wstrict-prototypes -Wundef -Winit-self -Wpointer-arith -Wshadow -Wuninitialized -Wno-comment -Wimplicit-fallthrough=3 -Wno-strict-overflow -fdiagnostics-show-option -Wno-long-long -pthread -fomit-frame-pointer -ffunction-sections -fdata-sections  -msse -msse2 -msse3 -fvisibility=hidden  -O3 -DNDEBUG  -DNDEBUG -fPIE -o CMakeFiles/cmTC_861c4.dir/CheckSymbolExists.c.o -c /home/premgeetha/example-standalone-inferencing-linux/opencv/build_opencv/CMakeFiles/CMakeTmp/CheckSymbolExists.c
/home/premgeetha/example-standalone-inferencing-linux/opencv/build_opencv/CMakeFiles/CMakeTmp/CheckSymbolExists.c:2:10: fatal error: OpenCL_INCLUDE_DIR-NOTFOUND/CL/cl.h: No such file or directory
    2 | #include <OpenCL_INCLUDE_DIR-NOTFOUND/CL/cl.h>
      |          ^~~~~~~~~~~~~~~~~~~~~~~~~~~~~~~~~~~~~
compilation terminated.
gmake[1]: *** [CMakeFiles/cmTC_861c4.dir/build.make:78: CMakeFiles/cmTC_861c4.dir/CheckSymbolExists.c.o] Error 1
gmake[1]: Leaving directory '/home/premgeetha/example-standalone-inferencing-linux/opencv/build_opencv/CMakeFiles/CMakeTmp'
gmake: *** [Makefile:127: cmTC_861c4/fast] Error 2


File /home/premgeetha/example-standalone-inferencing-linux/opencv/build_opencv/CMakeFiles/CMakeTmp/CheckSymbolExists.c:
/* */
#include <OpenCL_INCLUDE_DIR-NOTFOUND/CL/cl.h>

int main(int argc, char** argv)
{
  (void)argv;
#ifndef CL_VERSION_1_1
  return ((int*)(&CL_VERSION_1_1))[argc];
#else
  (void)argc;
  return 0;
#endif
}
Determining if the CL_VERSION_1_0 exist failed with the following output:
Change Dir: /home/premgeetha/example-standalone-inferencing-linux/opencv/build_opencv/CMakeFiles/CMakeTmp

Run Build Command(s):/usr/bin/gmake -f Makefile cmTC_c155b/fast && /usr/bin/gmake  -f CMakeFiles/cmTC_c155b.dir/build.make CMakeFiles/cmTC_c155b.dir/build
gmake[1]: Entering directory '/home/premgeetha/example-standalone-inferencing-linux/opencv/build_opencv/CMakeFiles/CMakeTmp'
Building C object CMakeFiles/cmTC_c155b.dir/CheckSymbolExists.c.o
/usr/bin/cc   -fsigned-char -W -Wall   -Wformat -Wmissing-declarations -Wmissing-prototypes -Wstrict-prototypes -Wundef -Winit-self -Wpointer-arith -Wshadow -Wuninitialized -Wno-comment -Wimplicit-fallthrough=3 -Wno-strict-overflow -fdiagnostics-show-option -Wno-long-long -pthread -fomit-frame-pointer -ffunction-sections -fdata-sections  -msse -msse2 -msse3 -fvisibility=hidden  -O3 -DNDEBUG  -DNDEBUG -fPIE -o CMakeFiles/cmTC_c155b.dir/CheckSymbolExists.c.o -c /home/premgeetha/example-standalone-inferencing-linux/opencv/build_opencv/CMakeFiles/CMakeTmp/CheckSymbolExists.c
/home/premgeetha/example-standalone-inferencing-linux/opencv/build_opencv/CMakeFiles/CMakeTmp/CheckSymbolExists.c:2:10: fatal error: OpenCL_INCLUDE_DIR-NOTFOUND/CL/cl.h: No such file or directory
    2 | #include <OpenCL_INCLUDE_DIR-NOTFOUND/CL/cl.h>
      |          ^~~~~~~~~~~~~~~~~~~~~~~~~~~~~~~~~~~~~
compilation terminated.
gmake[1]: *** [CMakeFiles/cmTC_c155b.dir/build.make:78: CMakeFiles/cmTC_c155b.dir/CheckSymbolExists.c.o] Error 1
gmake[1]: Leaving directory '/home/premgeetha/example-standalone-inferencing-linux/opencv/build_opencv/CMakeFiles/CMakeTmp'
gmake: *** [Makefile:127: cmTC_c155b/fast] Error 2


File /home/premgeetha/example-standalone-inferencing-linux/opencv/build_opencv/CMakeFiles/CMakeTmp/CheckSymbolExists.c:
/* */
#include <OpenCL_INCLUDE_DIR-NOTFOUND/CL/cl.h>

int main(int argc, char** argv)
{
  (void)argv;
#ifndef CL_VERSION_1_0
  return ((int*)(&CL_VERSION_1_0))[argc];
#else
  (void)argc;
  return 0;
#endif
}
